{"numTotalTestSuites":651,"numPassedTestSuites":651,"numFailedTestSuites":0,"numPendingTestSuites":0,"numTotalTests":1851,"numPassedTests":1851,"numFailedTests":0,"numPendingTests":0,"numTodoTests":0,"snapshot":{"added":0,"failure":false,"filesAdded":0,"filesRemoved":0,"filesRemovedList":[],"filesUnmatched":0,"filesUpdated":0,"matched":0,"total":0,"unchecked":0,"uncheckedKeysByFile":[],"unmatched":0,"updated":0,"didUpdate":false},"startTime":1785864880759,"success":true,"testResults":[{"assertionResults":[{"ancestorTitles":["globals.css"],"fullName":"globals.css 让文档画布与根容器保持全视口的用户主题背景","status":"passed","title":"让文档画布与根容器保持全视口的用户主题背景","duration":1.905228999999963,"failureMessages":[],"meta":{},"tags":[]},{"ancestorTitles":["globals.css"],"fullName":"globals.css 使用环境安全区变量且不写死刘海高度","status":"passed","title":"使用环境安全区变量且不写死刘海高度","duration":0.48560299999985546,"failureMessages":[],"meta":{},"tags":[]}],"startTime":1785865009541,"endTime":1785865009543.4856,"status":"passed","message":"","name":"/home/runner/work/kuranote/kuranote/app/globals.test.ts"},{"assertionResults":[{"ancestorTitles":["RootLayout"],"fullName":"RootLayout 为 iOS 主屏幕应用启用覆盖状态栏的视口与状态栏模式","status":"passed","title":"为 iOS 主屏幕应用启用覆盖状态栏的视口与状态栏模式","duration":2.140720999999985,"failureMessages":[],"meta":{},"tags":[]}],"startTime":1785865028614,"endTime":1785865028616.1406,"status":"passed","message":"","name":"/home/runner/work/kuranote/kuranote/app/layout.test.tsx"},{"assertionResults":[{"ancestorTitles":["LoginRoute"],"fullName":"LoginRoute 将安全邀请地址传给已登录检查、Google 登录和注册链接","status":"passed","title":"将安全邀请地址传给已登录检查、Google 登录和注册链接","duration":131.90900499999998,"failureMessages":[],"meta":{},"tags":[]},{"ancestorTitles":["LoginRoute"],"fullName":"LoginRoute Google 登录未启用时不传入 Google action","status":"passed","title":"Google 登录未启用时不传入 Google action","duration":4.1604359999998906,"failureMessages":[],"meta":{},"tags":[]},{"ancestorTitles":["LoginRoute"],"fullName":"LoginRoute 不安全回跳地址退回首页","status":"passed","title":"不安全回跳地址退回首页","duration":11.891292999999905,"failureMessages":[],"meta":{},"tags":[]}],"startTime":1785864959720,"endTime":1785864959867.8914,"status":"passed","message":"","name":"/home/runner/work/kuranote/kuranote/app/login/page.test.tsx"},{"assertionResults":[{"ancestorTitles":["RegisterRoute"],"fullName":"RegisterRoute 将安全邀请地址传给已登录检查、Google 注册和登录链接","status":"passed","title":"将安全邀请地址传给已登录检查、Google 注册和登录链接","duration":173.8571800000002,"failureMessages":[],"meta":{},"tags":[]},{"ancestorTitles":["RegisterRoute"],"fullName":"RegisterRoute Google 登录未启用时不传入 Google action","status":"passed","title":"Google 登录未启用时不传入 Google action","duration":3.015480000000025,"failureMessages":[],"meta":{},"tags":[]},{"ancestorTitles":["RegisterRoute"],"fullName":"RegisterRoute 不安全回跳地址退回首页","status":"passed","title":"不安全回跳地址退回首页","duration":9.780152999999927,"failureMessages":[],"meta":{},"tags":[]}],"startTime":1785864953720,"endTime":1785864953906.7803,"status":"passed","message":"","name":"/home/runner/work/kuranote/kuranote/app/register/page.test.tsx"},{"assertionResults":[{"ancestorTitles":["ledger list paths"],"fullName":"ledger list paths 生成带切换成功结果的账本列表路由","status":"passed","title":"生成带切换成功结果的账本列表路由","duration":3.761543999999958,"failureMessages":[],"meta":{},"tags":[]},{"ancestorTitles":["account paths"],"fullName":"account paths 生成带保存成功结果的账户路由","status":"passed","title":"生成带保存成功结果的账户路由","duration":0.3588210000000345,"failureMessages":[],"meta":{},"tags":[]},{"ancestorTitles":["transaction list paths"],"fullName":"transaction list paths 生成带保存结果的月份列表路由","status":"passed","title":"生成带保存结果的月份列表路由","duration":0.23822000000018306,"failureMessages":[],"meta":{},"tags":[]},{"ancestorTitles":["transaction list paths"],"fullName":"transaction list paths 生成带记账成功结果的月份列表路由","status":"passed","title":"生成带记账成功结果的月份列表路由","duration":0.2781609999999546,"failureMessages":[],"meta":{},"tags":[]},{"ancestorTitles":["transaction list paths"],"fullName":"transaction list paths 生成带删除成功结果的列表路由","status":"passed","title":"生成带删除成功结果的列表路由","duration":0.384445999999798,"failureMessages":[],"meta":{},"tags":[]},{"ancestorTitles":["transaction list paths"],"fullName":"transaction list paths 生成明细搜索路由","status":"passed","title":"生成明细搜索路由","duration":3.2680189999998674,"failureMessages":[],"meta":{},"tags":[]},{"ancestorTitles":["transaction edit paths"],"fullName":"transaction edit paths 生成编辑记账专用路由","status":"passed","title":"生成编辑记账专用路由","duration":0.24082099999986895,"failureMessages":[],"meta":{},"tags":[]},{"ancestorTitles":["transaction edit paths"],"fullName":"transaction edit paths 编码编辑记账路由参数","status":"passed","title":"编码编辑记账路由参数","duration":0.24719299999992472,"failureMessages":[],"meta":{},"tags":[]},{"ancestorTitles":["transaction edit paths"],"fullName":"transaction edit paths 生成带返回地址的编辑记账路由","status":"passed","title":"生成带返回地址的编辑记账路由","duration":0.31068900000013855,"failureMessages":[],"meta":{},"tags":[]},{"ancestorTitles":["transaction edit paths"],"fullName":"transaction edit paths 暴露 App Router 动态编辑页路径","status":"passed","title":"暴露 App Router 动态编辑页路径","duration":0.30795400000010886,"failureMessages":[],"meta":{},"tags":[]}],"startTime":1785864966216,"endTime":1785864966225.3108,"status":"passed","message":"","name":"/home/runner/work/kuranote/kuranote/src/config/paths.test.ts"},{"assertionResults":[{"ancestorTitles":["createRequestContainer"],"fullName":"createRequestContainer 同一个 container 实例重复访问同一模块字段返回同一对象（惰性缓存）","status":"passed","title":"同一个 container 实例重复访问同一模块字段返回同一对象（惰性缓存）","duration":3.731936000000019,"failureMessages":[],"meta":{},"tags":[]},{"ancestorTitles":["createRequestContainer"],"fullName":"createRequestContainer 提供 ledger.inviteService.accept 方法","status":"passed","title":"提供 ledger.inviteService.accept 方法","duration":0.5347239999999829,"failureMessages":[],"meta":{},"tags":[]},{"ancestorTitles":["createRequestContainer"],"fullName":"createRequestContainer 提供 ledger.invitePreviewService.load 方法","status":"passed","title":"提供 ledger.invitePreviewService.load 方法","duration":0.45297099999993407,"failureMessages":[],"meta":{},"tags":[]},{"ancestorTitles":["createRequestContainer"],"fullName":"createRequestContainer 跨模块访问时只构造一次账本设置 Repository 与访问 Service","status":"passed","title":"跨模块访问时只构造一次账本设置 Repository 与访问 Service","duration":2.4722789999999577,"failureMessages":[],"meta":{},"tags":[]},{"ancestorTitles":["createRequestContainer"],"fullName":"createRequestContainer 跨统计与交易模块共享叶子依赖但独立创建模块正式 Service","status":"passed","title":"跨统计与交易模块共享叶子依赖但独立创建模块正式 Service","duration":1.3216460000001007,"failureMessages":[],"meta":{},"tags":[]},{"ancestorTitles":["createRequestContainer"],"fullName":"createRequestContainer 提供惰性缓存的 account.service 及账户 UseCase","status":"passed","title":"提供惰性缓存的 account.service 及账户 UseCase","duration":0.5527299999999968,"failureMessages":[],"meta":{},"tags":[]},{"ancestorTitles":["createRequestContainer"],"fullName":"createRequestContainer 提供惰性缓存的 auth.service 及全部认证 UseCase","status":"passed","title":"提供惰性缓存的 auth.service 及全部认证 UseCase","duration":1.1291629999999486,"failureMessages":[],"meta":{},"tags":[]},{"ancestorTitles":["createRequestContainer"],"fullName":"createRequestContainer 提供惰性缓存的 Category 读取与写入 UseCase","status":"passed","title":"提供惰性缓存的 Category 读取与写入 UseCase","duration":0.5839240000000245,"failureMessages":[],"meta":{},"tags":[]},{"ancestorTitles":["createRequestContainer"],"fullName":"createRequestContainer 提供惰性缓存的 user.service 和显示名同步窄接口","status":"passed","title":"提供惰性缓存的 user.service 和显示名同步窄接口","duration":0.806020999999987,"failureMessages":[],"meta":{},"tags":[]},{"ancestorTitles":["createRequestContainer"],"fullName":"createRequestContainer 提供惰性缓存的 merchant.service 与跨模块窄查询接口","status":"passed","title":"提供惰性缓存的 merchant.service 与跨模块窄查询接口","duration":0.6215009999999666,"failureMessages":[],"meta":{},"tags":[]},{"ancestorTitles":["createRequestContainer"],"fullName":"createRequestContainer 提供惰性缓存的 statistics.service 与统计查询 UseCase","status":"passed","title":"提供惰性缓存的 statistics.service 与统计查询 UseCase","duration":0.4539670000000342,"failureMessages":[],"meta":{},"tags":[]}],"startTime":1785864911727,"endTime":1785864911739.6216,"status":"passed","message":"","name":"/home/runner/work/kuranote/kuranote/src/internal/container.test.ts"},{"assertionResults":[{"ancestorTitles":["internal backend boundary"],"fullName":"internal backend boundary 不再保留 src/server 目录","status":"passed","title":"不再保留 src/server 目录","duration":2.801465999999891,"failureMessages":[],"meta":{},"tags":[]},{"ancestorTitles":["internal backend boundary"],"fullName":"internal backend boundary 全仓库代码、配置与文档不再引用旧 server 路径","status":"passed","title":"全仓库代码、配置与文档不再引用旧 server 路径","duration":69.16919899999994,"failureMessages":[],"meta":{},"tags":[]},{"ancestorTitles":["internal backend boundary"],"fullName":"internal backend boundary Controller 不定义 createRoute，也不反向依赖 Router","status":"passed","title":"Controller 不定义 createRoute，也不反向依赖 Router","duration":63.38993699999992,"failureMessages":[],"meta":{},"tags":[]},{"ancestorTitles":["internal backend boundary"],"fullName":"internal backend boundary 模块外代码只通过模块根入口或 adapter/next 访问业务模块","status":"passed","title":"模块外代码只通过模块根入口或 adapter/next 访问业务模块","duration":816.660646,"failureMessages":[],"meta":{},"tags":[]},{"ancestorTitles":["internal backend boundary"],"fullName":"internal backend boundary 模块内 adapter/next 不深导入本模块 Service 或 Repository 实现","status":"passed","title":"模块内 adapter/next 不深导入本模块 Service 或 Repository 实现","duration":95.41769399999998,"failureMessages":[],"meta":{},"tags":[]},{"ancestorTitles":["internal backend boundary"],"fullName":"internal backend boundary adapter/next 以外的 internal 代码不依赖前端 types","status":"passed","title":"adapter/next 以外的 internal 代码不依赖前端 types","duration":349.5202610000001,"failureMessages":[],"meta":{},"tags":[]},{"ancestorTitles":["internal backend boundary"],"fullName":"internal backend boundary internal 代码不重新依赖旧 ledger 路径","status":"passed","title":"internal 代码不重新依赖旧 ledger 路径","duration":262.5343039999998,"failureMessages":[],"meta":{},"tags":[]},{"ancestorTitles":["internal backend boundary"],"fullName":"internal backend boundary 旧 Supabase 文件保持删除且 internal 代码不重新依赖其路径","status":"passed","title":"旧 Supabase 文件保持删除且 internal 代码不重新依赖其路径","duration":309.69582900000023,"failureMessages":[],"meta":{},"tags":[]},{"ancestorTitles":["internal backend boundary"],"fullName":"internal backend boundary 所有模块 Router 都在同一文件声明 Method、Path 与 Handler 绑定","status":"passed","title":"所有模块 Router 都在同一文件声明 Method、Path 与 Handler 绑定","duration":25.888746000000083,"failureMessages":[],"meta":{},"tags":[]}],"startTime":1785864890701,"endTime":1785864892696.8887,"status":"passed","message":"","name":"/home/runner/work/kuranote/kuranote/src/internal/internalBoundary.test.ts"},{"assertionResults":[{"ancestorTitles":["internal route registry"],"fullName":"internal route registry Module Registry 保持既有模块顺序与 basePath","status":"passed","title":"Module Registry 保持既有模块顺序与 basePath","duration":2.4605399999999236,"failureMessages":[],"meta":{},"tags":[]},{"ancestorTitles":["internal route registry"],"fullName":"internal route registry 所有 Route Contract 保持既有 Method 与相对 Path","status":"passed","title":"所有 Route Contract 保持既有 Method 与相对 Path","duration":4.101611000000048,"failureMessages":[],"meta":{},"tags":[]},{"ancestorTitles":["internal route registry"],"fullName":"internal route registry OpenAPI 文档保持最终 Method 与完整 URL","status":"passed","title":"OpenAPI 文档保持最终 Method 与完整 URL","duration":186.84011900000007,"failureMessages":[],"meta":{},"tags":[]}],"startTime":1785864913493,"endTime":1785864913685.84,"status":"passed","message":"","name":"/home/runner/work/kuranote/kuranote/src/internal/routeRegistry.test.ts"},{"assertionResults":[{"ancestorTitles":["UserThemeProvider"],"fullName":"UserThemeProvider 退出登录卸载 protected provider 时会恢复默认主题背景","status":"passed","title":"退出登录卸载 protected provider 时会恢复默认主题背景","duration":60.248833000000104,"failureMessages":[],"meta":{},"tags":[]},{"ancestorTitles":["UserThemeProvider"],"fullName":"UserThemeProvider protected provider 重新挂载时不会短暂恢复默认主题","status":"passed","title":"protected provider 重新挂载时不会短暂恢复默认主题","duration":20.050932999999986,"failureMessages":[],"meta":{},"tags":[]},{"ancestorTitles":["UserThemeProvider"],"fullName":"UserThemeProvider Suspense 延迟重挂载到下一轮任务时不会恢复默认主题","status":"passed","title":"Suspense 延迟重挂载到下一轮任务时不会恢复默认主题","duration":34.73136599999998,"failureMessages":[],"meta":{},"tags":[]},{"ancestorTitles":["UserThemeProvider"],"fullName":"UserThemeProvider 旧主题 key 不再迁移，统一回退到默认主题","status":"passed","title":"旧主题 key 不再迁移，统一回退到默认主题","duration":6.720542000000023,"failureMessages":[],"meta":{},"tags":[]}],"startTime":1785864944546,"endTime":1785864944667.7205,"status":"passed","message":"","name":"/home/runner/work/kuranote/kuranote/src/theme/UserThemeProvider.test.tsx"},{"assertionResults":[{"ancestorTitles":["theme"],"fullName":"theme 全屏弹框不保留普通弹框的圆角和阴影","status":"passed","title":"全屏弹框不保留普通弹框的圆角和阴影","duration":187.16194900000005,"failureMessages":[],"meta":{},"tags":[]}],"startTime":1785865019373,"endTime":1785865019560.1619,"status":"passed","message":"","name":"/home/runner/work/kuranote/kuranote/src/theme/theme.test.tsx"},{"assertionResults":[{"ancestorTitles":["transactionColors"],"fullName":"transactionColors 收入和支出语义色保持固定","status":"passed","title":"收入和支出语义色保持固定","duration":2.4245730000000094,"failureMessages":[],"meta":{},"tags":[]},{"ancestorTitles":["transactionColors"],"fullName":"transactionColors 交易主题色通过用户主题 CSS 变量取得","status":"passed","title":"交易主题色通过用户主题 CSS 变量取得","duration":0.5853539999998247,"failureMessages":[],"meta":{},"tags":[]}],"startTime":1785865008695,"endTime":1785865008698.5854,"status":"passed","message":"","name":"/home/runner/work/kuranote/kuranote/src/theme/transactionColors.test.ts"},{"assertionResults":[{"ancestorTitles":["getUserThemeCssVariables"],"fullName":"getUserThemeCssVariables 输出薰衣草梦境的交易相关用户主题变量","status":"passed","title":"输出薰衣草梦境的交易相关用户主题变量","duration":2.627762999999959,"failureMessages":[],"meta":{},"tags":[]},{"ancestorTitles":["getUserThemeCssVariables"],"fullName":"getUserThemeCssVariables 输出默认主题琥珀暖阳的交易相关用户主题变量","status":"passed","title":"输出默认主题琥珀暖阳的交易相关用户主题变量","duration":0.5510939999999209,"failureMessages":[],"meta":{},"tags":[]},{"ancestorTitles":["getUserThemeCssVariables"],"fullName":"getUserThemeCssVariables 输出深海星光的交易相关用户主题变量","status":"passed","title":"输出深海星光的交易相关用户主题变量","duration":0.4704250000002048,"failureMessages":[],"meta":{},"tags":[]},{"ancestorTitles":["getUserThemeCssVariables"],"fullName":"getUserThemeCssVariables 所有主题均输出白色 FAB 文字色变量","status":"passed","title":"所有主题均输出白色 FAB 文字色变量","duration":0.2635139999999865,"failureMessages":[],"meta":{},"tags":[]},{"ancestorTitles":["getUserThemeCssVariables"],"fullName":"getUserThemeCssVariables 输出共通样式组件使用的用户主题变量","status":"passed","title":"输出共通样式组件使用的用户主题变量","duration":0.3684699999998884,"failureMessages":[],"meta":{},"tags":[]},{"ancestorTitles":["getUserThemeCssVariables"],"fullName":"getUserThemeCssVariables 输出默认主题首页金额语义色变量","status":"passed","title":"输出默认主题首页金额语义色变量","duration":0.19656800000007024,"failureMessages":[],"meta":{},"tags":[]},{"ancestorTitles":["getUserThemeCssVariables"],"fullName":"getUserThemeCssVariables 输出默认主题交易类型背景语义色变量","status":"passed","title":"输出默认主题交易类型背景语义色变量","duration":0.23492599999985941,"failureMessages":[],"meta":{},"tags":[]},{"ancestorTitles":["getUserThemeCssVariables"],"fullName":"getUserThemeCssVariables 输出首页猫咪头图主题变量","status":"passed","title":"输出首页猫咪头图主题变量","duration":0.147467000000006,"failureMessages":[],"meta":{},"tags":[]},{"ancestorTitles":["getUserThemeCssVariables"],"fullName":"getUserThemeCssVariables 所有主题均输出单一首页猫咪头图变量","status":"passed","title":"所有主题均输出单一首页猫咪头图变量","duration":0.38643900000010944,"failureMessages":[],"meta":{},"tags":[]},{"ancestorTitles":["getUserThemeCssVariables"],"fullName":"getUserThemeCssVariables 所有主题均输出首页金额相关变量","status":"passed","title":"所有主题均输出首页金额相关变量","duration":0.7169380000000274,"failureMessages":[],"meta":{},"tags":[]},{"ancestorTitles":["getUserThemeCssVariables"],"fullName":"getUserThemeCssVariables 所有主题均输出交易类型背景相关变量","status":"passed","title":"所有主题均输出交易类型背景相关变量","duration":0.4055160000000342,"failureMessages":[],"meta":{},"tags":[]},{"ancestorTitles":["getUserThemeCssVariables"],"fullName":"getUserThemeCssVariables 所有主题均输出对应的筛选结果浅色背景","status":"passed","title":"所有主题均输出对应的筛选结果浅色背景","duration":0.21003399999995054,"failureMessages":[],"meta":{},"tags":[]},{"ancestorTitles":["getUserThemeCssVariables"],"fullName":"getUserThemeCssVariables 六款主题分别输出接近白色的明细页背景","status":"passed","title":"六款主题分别输出接近白色的明细页背景","duration":0.48508700000002136,"failureMessages":[],"meta":{},"tags":[]}],"startTime":1785864926470,"endTime":1785864926477.485,"status":"passed","message":"","name":"/home/runner/work/kuranote/kuranote/src/theme/userThemeCssVariables.test.ts"},{"assertionResults":[{"ancestorTitles":["userThemeTokens"],"fullName":"userThemeTokens 默认主题为琥珀暖阳","status":"passed","title":"默认主题为琥珀暖阳","duration":1.583456999999953,"failureMessages":[],"meta":{},"tags":[]},{"ancestorTitles":["userThemeTokens"],"fullName":"userThemeTokens 包含 6 款浅色个人主题","status":"passed","title":"包含 6 款浅色个人主题","duration":1.14043700000002,"failureMessages":[],"meta":{},"tags":[]},{"ancestorTitles":["userThemeTokens"],"fullName":"userThemeTokens 和账本成员显示色 key 分离，避免混用业务颜色","status":"passed","title":"和账本成员显示色 key 分离，避免混用业务颜色","duration":0.18315000000006876,"failureMessages":[],"meta":{},"tags":[]},{"ancestorTitles":["userThemeTokens"],"fullName":"userThemeTokens 可以校验 localStorage 里保存的主题 key","status":"passed","title":"可以校验 localStorage 里保存的主题 key","duration":0.158469999999852,"failureMessages":[],"meta":{},"tags":[]},{"ancestorTitles":["userThemeTokens"],"fullName":"userThemeTokens 按登录用户生成不同 localStorage key，避免用户主题互相影响","status":"passed","title":"按登录用户生成不同 localStorage key，避免用户主题互相影响","duration":0.47257300000001123,"failureMessages":[],"meta":{},"tags":[]},{"ancestorTitles":["userThemeTokens"],"fullName":"userThemeTokens 根据 base palette 派生缺省字段","status":"passed","title":"根据 base palette 派生缺省字段","duration":1.4753769999999804,"failureMessages":[],"meta":{},"tags":[]},{"ancestorTitles":["userThemeTokens"],"fullName":"userThemeTokens 透明色派生支持 3 位和 6 位 hex","status":"passed","title":"透明色派生支持 3 位和 6 位 hex","duration":0.2659880000001067,"failureMessages":[],"meta":{},"tags":[]},{"ancestorTitles":["userThemeTokens"],"fullName":"userThemeTokens 透明色派生遇到非法颜色时抛出错误","status":"passed","title":"透明色派生遇到非法颜色时抛出错误","duration":0.7927549999999428,"failureMessages":[],"meta":{},"tags":[]},{"ancestorTitles":["userThemeTokens"],"fullName":"userThemeTokens 主题 accent 不与关键语义色完全相同","status":"passed","title":"主题 accent 不与关键语义色完全相同","duration":0.6772370000001047,"failureMessages":[],"meta":{},"tags":[]},{"ancestorTitles":["userThemeTokens"],"fullName":"userThemeTokens 主题浅背景不与关键语义背景完全相同","status":"passed","title":"主题浅背景不与关键语义背景完全相同","duration":0.5858700000001136,"failureMessages":[],"meta":{},"tags":[]}],"startTime":1785864948306,"endTime":1785864948313.6772,"status":"passed","message":"","name":"/home/runner/work/kuranote/kuranote/src/theme/userThemeTokens.test.ts"},{"assertionResults":[{"ancestorTitles":["appZIndex"],"fullName":"appZIndex 下拉菜单显示在弹框之上且不遮挡提示","status":"passed","title":"下拉菜单显示在弹框之上且不遮挡提示","duration":10.013553000000002,"failureMessages":[],"meta":{},"tags":[]},{"ancestorTitles":["appZIndex"],"fullName":"appZIndex 金额键盘层级高于弹框和下拉菜单，但不高于提示","status":"passed","title":"金额键盘层级高于弹框和下拉菜单，但不高于提示","duration":0.43752599999993436,"failureMessages":[],"meta":{},"tags":[]},{"ancestorTitles":["appZIndex"],"fullName":"appZIndex 反馈提示显示在弹框和金额键盘之上且不遮挡 Tooltip","status":"passed","title":"反馈提示显示在弹框和金额键盘之上且不遮挡 Tooltip","duration":0.3312679999999091,"failureMessages":[],"meta":{},"tags":[]}],"startTime":1785865010732,"endTime":1785865010743.3313,"status":"passed","message":"","name":"/home/runner/work/kuranote/kuranote/src/theme/zIndex.test.ts"},{"assertionResults":[{"ancestorTitles":["formatAmount"],"fullName":"formatAmount 可以按指定货币格式化 number 输入","status":"passed","title":"可以按指定货币格式化 number 输入","duration":19.196668000000045,"failureMessages":[],"meta":{},"tags":[]},{"ancestorTitles":["formatAmount"],"fullName":"formatAmount 可以按指定货币格式化数字字符串输入","status":"passed","title":"可以按指定货币格式化数字字符串输入","duration":0.4740439999998216,"failureMessages":[],"meta":{},"tags":[]},{"ancestorTitles":["formatAmount"],"fullName":"formatAmount 金额输入无效时使用 fallback 文案","status":"passed","title":"金额输入无效时使用 fallback 文案","duration":0.24528699999996206,"failureMessages":[],"meta":{},"tags":[]},{"ancestorTitles":["formatAmount"],"fullName":"formatAmount 金额输入为 null 时使用 fallback 文案","status":"passed","title":"金额输入为 null 时使用 fallback 文案","duration":0.3137659999999869,"failureMessages":[],"meta":{},"tags":[]},{"ancestorTitles":["formatAmount"],"fullName":"formatAmount Intl 无法格式化货币时使用 fallback 文案","status":"passed","title":"Intl 无法格式化货币时使用 fallback 文案","duration":0.5181909999998879,"failureMessages":[],"meta":{},"tags":[]},{"ancestorTitles":["formatAmount"],"fullName":"formatAmount 人民币金额格式化为「金额元」而非「元 金额」","status":"passed","title":"人民币金额格式化为「金额元」而非「元 金额」","duration":0.45814899999982117,"failureMessages":[],"meta":{},"tags":[]},{"ancestorTitles":["formatAmount"],"fullName":"formatAmount 人民币负数金额保留负号在数字前","status":"passed","title":"人民币负数金额保留负号在数字前","duration":0.5343780000000606,"failureMessages":[],"meta":{},"tags":[]},{"ancestorTitles":["formatAmount"],"fullName":"formatAmount 泰铢金额使用泰铢符号而非货币代码前缀","status":"passed","title":"泰铢金额使用泰铢符号而非货币代码前缀","duration":0.34148300000015297,"failureMessages":[],"meta":{},"tags":[]}],"startTime":1785865006410,"endTime":1785865006432.5344,"status":"passed","message":"","name":"/home/runner/work/kuranote/kuranote/src/utils/accounts.test.ts"},{"assertionResults":[{"ancestorTitles":["categoryNames"],"fullName":"categoryNames 显示名称会去除与图标字段相同的前缀","status":"passed","title":"显示名称会去除与图标字段相同的前缀","duration":2.3824500000000626,"failureMessages":[],"meta":{},"tags":[]},{"ancestorTitles":["categoryNames"],"fullName":"categoryNames 显示名称会去除用户直接输入的其他图标库前缀","status":"passed","title":"显示名称会去除用户直接输入的其他图标库前缀","duration":0.4588410000001204,"failureMessages":[],"meta":{},"tags":[]},{"ancestorTitles":["categoryNames"],"fullName":"categoryNames 显示名称不会误删普通文本前缀","status":"passed","title":"显示名称不会误删普通文本前缀","duration":0.34522500000002765,"failureMessages":[],"meta":{},"tags":[]},{"ancestorTitles":["categoryNames"],"fullName":"categoryNames 保存名称时保留旧页面依赖的 Emoji 前缀且不会重复添加","status":"passed","title":"保存名称时保留旧页面依赖的 Emoji 前缀且不会重复添加","duration":0.3644890000000487,"failureMessages":[],"meta":{},"tags":[]},{"ancestorTitles":["categoryNames"],"fullName":"categoryNames 按 Unicode 字符数计算数据库名称长度","status":"passed","title":"按 Unicode 字符数计算数据库名称长度","duration":0.4435909999999694,"failureMessages":[],"meta":{},"tags":[]}],"startTime":1785865005267,"endTime":1785865005271.4436,"status":"passed","message":"","name":"/home/runner/work/kuranote/kuranote/src/utils/categoryNames.test.ts"},{"assertionResults":[{"ancestorTitles":["mergeUniqueById"],"fullName":"mergeUniqueById 追加不存在的 id 并保留已有顺序","status":"passed","title":"追加不存在的 id 并保留已有顺序","duration":2.9461979999998675,"failureMessages":[],"meta":{},"tags":[]},{"ancestorTitles":["paginateItems"],"fullName":"paginateItems 按 offset 和 pageSize 切出分页并返回 nextOffset","status":"passed","title":"按 offset 和 pageSize 切出分页并返回 nextOffset","duration":0.4592610000001969,"failureMessages":[],"meta":{},"tags":[]},{"ancestorTitles":["paginateItems"],"fullName":"paginateItems 最后一页没有 nextOffset","status":"passed","title":"最后一页没有 nextOffset","duration":0.26893600000016704,"failureMessages":[],"meta":{},"tags":[]},{"ancestorTitles":["paginateItems"],"fullName":"paginateItems 负 offset 按 0 处理","status":"passed","title":"负 offset 按 0 处理","duration":0.4679909999999836,"failureMessages":[],"meta":{},"tags":[]},{"ancestorTitles":["paginateItems"],"fullName":"paginateItems 页大小为 0 时不返回 nextOffset","status":"passed","title":"页大小为 0 时不返回 nextOffset","duration":0.3656260000000202,"failureMessages":[],"meta":{},"tags":[]}],"startTime":1785864999133,"endTime":1785864999137.468,"status":"passed","message":"","name":"/home/runner/work/kuranote/kuranote/src/utils/collections.test.ts"},{"assertionResults":[{"ancestorTitles":["formData utils","isUuid"],"fullName":"formData utils isUuid 判定 UUID 形式的字符串","status":"passed","title":"判定 UUID 形式的字符串","duration":2.5749969999999394,"failureMessages":[],"meta":{},"tags":[]},{"ancestorTitles":["formData utils","isUuid"],"fullName":"formData utils isUuid 非 UUID 字符串返回 false","status":"passed","title":"非 UUID 字符串返回 false","duration":0.4939360000000761,"failureMessages":[],"meta":{},"tags":[]},{"ancestorTitles":["formData utils","getFormText"],"fullName":"formData utils getFormText 从 FormData 取得字符串并 trim","status":"passed","title":"从 FormData 取得字符串并 trim","duration":0.9052529999999024,"failureMessages":[],"meta":{},"tags":[]},{"ancestorTitles":["formData utils","getFormText"],"fullName":"formData utils getFormText 不存在的 key 按空字符串处理","status":"passed","title":"不存在的 key 按空字符串处理","duration":0.2588630000000194,"failureMessages":[],"meta":{},"tags":[]},{"ancestorTitles":["formData utils","parseOptionalText"],"fullName":"formData utils parseOptionalText 空字符串转换为 null","status":"passed","title":"空字符串转换为 null","duration":2.074956999999813,"failureMessages":[],"meta":{},"tags":[]},{"ancestorTitles":["formData utils","parseOptionalText"],"fullName":"formData utils parseOptionalText 最大长度以内的字符串原样返回","status":"passed","title":"最大长度以内的字符串原样返回","duration":0.46615799999995033,"failureMessages":[],"meta":{},"tags":[]},{"ancestorTitles":["formData utils","parseOptionalText"],"fullName":"formData utils parseOptionalText 超过最大长度时返回失败","status":"passed","title":"超过最大长度时返回失败","duration":0.2932940000000599,"failureMessages":[],"meta":{},"tags":[]}],"startTime":1785864988353,"endTime":1785864988363.2932,"status":"passed","message":"","name":"/home/runner/work/kuranote/kuranote/src/utils/formData.test.ts"},{"assertionResults":[{"ancestorTitles":["getMerchantInitial"],"fullName":"getMerchantInitial 英文商家名返回大写首字母","status":"passed","title":"英文商家名返回大写首字母","duration":2.3350040000000263,"failureMessages":[],"meta":{},"tags":[]},{"ancestorTitles":["getMerchantInitial"],"fullName":"getMerchantInitial 中文商家名返回第一个字符","status":"passed","title":"中文商家名返回第一个字符","duration":0.26829300000008516,"failureMessages":[],"meta":{},"tags":[]},{"ancestorTitles":["getMerchantInitial"],"fullName":"getMerchantInitial 日文商家名返回第一个字符","status":"passed","title":"日文商家名返回第一个字符","duration":0.23697000000015578,"failureMessages":[],"meta":{},"tags":[]},{"ancestorTitles":["getMerchantInitial"],"fullName":"getMerchantInitial 空字符串返回 fallback","status":"passed","title":"空字符串返回 fallback","duration":0.19773600000007718,"failureMessages":[],"meta":{},"tags":[]},{"ancestorTitles":["getMerchantInitial"],"fullName":"getMerchantInitial 取首字母前会去掉前后空格","status":"passed","title":"取首字母前会去掉前后空格","duration":0.26099999999996726,"failureMessages":[],"meta":{},"tags":[]},{"ancestorTitles":["normalizeSearchText"],"fullName":"normalizeSearchText 会去掉前后空格","status":"passed","title":"会去掉前后空格","duration":0.15314200000011624,"failureMessages":[],"meta":{},"tags":[]},{"ancestorTitles":["normalizeSearchText"],"fullName":"normalizeSearchText 会将英文文本转为小写","status":"passed","title":"会将英文文本转为小写","duration":0.15355799999997544,"failureMessages":[],"meta":{},"tags":[]},{"ancestorTitles":["normalizeSearchText"],"fullName":"normalizeSearchText 中文文本保持原样用于搜索","status":"passed","title":"中文文本保持原样用于搜索","duration":0.09246299999995244,"failureMessages":[],"meta":{},"tags":[]},{"ancestorTitles":["normalizeSearchText"],"fullName":"normalizeSearchText 日文文本保持原样用于搜索","status":"passed","title":"日文文本保持原样用于搜索","duration":0.13381700000013552,"failureMessages":[],"meta":{},"tags":[]}],"startTime":1785865005759,"endTime":1785865005763.1338,"status":"passed","message":"","name":"/home/runner/work/kuranote/kuranote/src/utils/merchants.test.ts"},{"assertionResults":[{"ancestorTitles":["transactionAmountInput"],"fullName":"transactionAmountInput 校验最多两位小数的金额格式","status":"passed","title":"校验最多两位小数的金额格式","duration":2.7681209999998373,"failureMessages":[],"meta":{},"tags":[]},{"ancestorTitles":["transactionAmountInput"],"fullName":"transactionAmountInput 限制整数位数，避免无限长金额","status":"passed","title":"限制整数位数，避免无限长金额","duration":0.5420039999999062,"failureMessages":[],"meta":{},"tags":[]},{"ancestorTitles":["transactionAmountInput"],"fullName":"transactionAmountInput 正数金额不允许空值和 0","status":"passed","title":"正数金额不允许空值和 0","duration":0.5141200000000481,"failureMessages":[],"meta":{},"tags":[]},{"ancestorTitles":["transactionAmountInput"],"fullName":"transactionAmountInput JPY 使用整数金额，不允许多余小数","status":"passed","title":"JPY 使用整数金额，不允许多余小数","duration":0.5334609999999884,"failureMessages":[],"meta":{},"tags":[]},{"ancestorTitles":["transactionAmountInput"],"fullName":"transactionAmountInput 规范化金额时去掉前导零和多余小数 0","status":"passed","title":"规范化金额时去掉前导零和多余小数 0","duration":0.5457429999999022,"failureMessages":[],"meta":{},"tags":[]},{"ancestorTitles":["transactionAmountInput"],"fullName":"transactionAmountInput 按键输入支持数字、小数点、删除和清空","status":"passed","title":"按键输入支持数字、小数点、删除和清空","duration":0.4940129999999954,"failureMessages":[],"meta":{},"tags":[]},{"ancestorTitles":["transactionAmountInput"],"fullName":"transactionAmountInput JPY 金额输入会忽略小数点","status":"passed","title":"JPY 金额输入会忽略小数点","duration":0.40453499999989617,"failureMessages":[],"meta":{},"tags":[]},{"ancestorTitles":["transactionAmountInput"],"fullName":"transactionAmountInput 支持简单加减后确认","status":"passed","title":"支持简单加减后确认","duration":0.6003930000001674,"failureMessages":[],"meta":{},"tags":[]},{"ancestorTitles":["transactionAmountInput"],"fullName":"transactionAmountInput 输入运算符后实时预览计算结果和表达式","status":"passed","title":"输入运算符后实时预览计算结果和表达式","duration":0.6396660000000338,"failureMessages":[],"meta":{},"tags":[]},{"ancestorTitles":["transactionAmountInput"],"fullName":"transactionAmountInput 连续输入运算符时保留完整表达式","status":"passed","title":"连续输入运算符时保留完整表达式","duration":0.7599780000000464,"failureMessages":[],"meta":{},"tags":[]},{"ancestorTitles":["transactionAmountInput"],"fullName":"transactionAmountInput 确认时将空显示视为 0，但拒绝减到负数的金额","status":"passed","title":"确认时将空显示视为 0，但拒绝减到负数的金额","duration":0.4930589999999029,"failureMessages":[],"meta":{},"tags":[]}],"startTime":1785864932013,"endTime":1785864932021.4932,"status":"passed","message":"","name":"/home/runner/work/kuranote/kuranote/src/utils/transactionAmountInput.test.ts"},{"assertionResults":[{"ancestorTitles":["getBalanceDelta"],"fullName":"getBalanceDelta 支出时返回负数余额变化值","status":"passed","title":"支出时返回负数余额变化值","duration":1.538434000000052,"failureMessages":[],"meta":{},"tags":[]},{"ancestorTitles":["getBalanceDelta"],"fullName":"getBalanceDelta 收入时返回正数余额变化值","status":"passed","title":"收入时返回正数余额变化值","duration":0.1653600000000779,"failureMessages":[],"meta":{},"tags":[]}],"startTime":1785865028812,"endTime":1785865028813.5383,"status":"passed","message":"","name":"/home/runner/work/kuranote/kuranote/src/utils/transactionBalance.test.ts"},{"assertionResults":[{"ancestorTitles":["transactions utils"],"fullName":"transactions utils 格式化金额字符串用于展示","status":"passed","title":"格式化金额字符串用于展示","duration":5.087532999999894,"failureMessages":[],"meta":{},"tags":[]},{"ancestorTitles":["transactions utils"],"fullName":"transactions utils 格式化带符号金额用于展示","status":"passed","title":"格式化带符号金额用于展示","duration":1.0913250000000971,"failureMessages":[],"meta":{},"tags":[]},{"ancestorTitles":["transactions utils"],"fullName":"transactions utils 按交易类型给行金额添加符号","status":"passed","title":"按交易类型给行金额添加符号","duration":1.1472049999999854,"failureMessages":[],"meta":{},"tags":[]},{"ancestorTitles":["transactions utils"],"fullName":"transactions utils 转账行金额不带正负号","status":"passed","title":"转账行金额不带正负号","duration":4.988127000000077,"failureMessages":[],"meta":{},"tags":[]},{"ancestorTitles":["transactions utils"],"fullName":"transactions utils 从分类集计生成代表分类名","status":"passed","title":"从分类集计生成代表分类名","duration":0.962139999999863,"failureMessages":[],"meta":{},"tags":[]},{"ancestorTitles":["transactions utils"],"fullName":"transactions utils 按交易类型累计汇总金额","status":"passed","title":"按交易类型累计汇总金额","duration":1.264699999999948,"failureMessages":[],"meta":{},"tags":[]},{"ancestorTitles":["transactions utils"],"fullName":"transactions utils 转账不计入收入/支出汇总","status":"passed","title":"转账不计入收入/支出汇总","duration":0.5640849999999773,"failureMessages":[],"meta":{},"tags":[]},{"ancestorTitles":["transactions utils"],"fullName":"transactions utils 正则化月份字符串并返回 Asia/Tokyo 时区下的月份边界 UTC ISO","status":"passed","title":"正则化月份字符串并返回 Asia/Tokyo 时区下的月份边界 UTC ISO","duration":6.844463999999789,"failureMessages":[],"meta":{},"tags":[]},{"ancestorTitles":["transactions utils"],"fullName":"transactions utils 生成月份移动结果和显示标签","status":"passed","title":"生成月份移动结果和显示标签","duration":0.752922000000126,"failureMessages":[],"meta":{},"tags":[]},{"ancestorTitles":["transactions utils"],"fullName":"transactions utils 生成日期 key 和日期标签","status":"passed","title":"生成日期 key 和日期标签","duration":1.9036140000000614,"failureMessages":[],"meta":{},"tags":[]},{"ancestorTitles":["transactions utils"],"fullName":"transactions utils formatDateKey 按 Asia/Tokyo 时区归入日期","status":"passed","title":"formatDateKey 按 Asia/Tokyo 时区归入日期","duration":0.8099140000001626,"failureMessages":[],"meta":{},"tags":[]},{"ancestorTitles":["transactions utils"],"fullName":"transactions utils 根据当前日期生成今天昨天明天标签","status":"passed","title":"根据当前日期生成今天昨天明天标签","duration":1.3492449999998826,"failureMessages":[],"meta":{},"tags":[]},{"ancestorTitles":["transactions utils"],"fullName":"transactions utils 计算日分组相对日期标签下次刷新延迟","status":"passed","title":"计算日分组相对日期标签下次刷新延迟","duration":1.3744400000000496,"failureMessages":[],"meta":{},"tags":[]},{"ancestorTitles":["transactions utils"],"fullName":"transactions utils 格式化交易发生时间","status":"passed","title":"格式化交易发生时间","duration":0.9548170000000482,"failureMessages":[],"meta":{},"tags":[]},{"ancestorTitles":["transactions utils"],"fullName":"transactions utils 格式化交易行时间为稳定的 24 小时制","status":"passed","title":"格式化交易行时间为稳定的 24 小时制","duration":3.4630580000000464,"failureMessages":[],"meta":{},"tags":[]},{"ancestorTitles":["transactions utils"],"fullName":"transactions utils 按日期分组交易并生成日别汇总","status":"passed","title":"按日期分组交易并生成日别汇总","duration":3.88737100000003,"failureMessages":[],"meta":{},"tags":[]},{"ancestorTitles":["transactions utils"],"fullName":"transactions utils 分组时转账不计入日别汇总","status":"passed","title":"分组时转账不计入日别汇总","duration":1.2720519999998032,"failureMessages":[],"meta":{},"tags":[]},{"ancestorTitles":["transactions utils"],"fullName":"transactions utils 根据 Asia/Tokyo 当前时间生成当前月份范围（UTC 边界）","status":"passed","title":"根据 Asia/Tokyo 当前时间生成当前月份范围（UTC 边界）","duration":1.03727200000003,"failureMessages":[],"meta":{},"tags":[]},{"ancestorTitles":["transactions utils"],"fullName":"transactions utils 根据本地当前时间生成 datetime-local 当前值","status":"passed","title":"根据本地当前时间生成 datetime-local 当前值","duration":0.4705699999999524,"failureMessages":[],"meta":{},"tags":[]},{"ancestorTitles":["transactions utils"],"fullName":"transactions utils 将 ISO 发生时间转换为本地日期时间输入值","status":"passed","title":"将 ISO 发生时间转换为本地日期时间输入值","duration":0.6558529999999791,"failureMessages":[],"meta":{},"tags":[]},{"ancestorTitles":["transactions utils"],"fullName":"transactions utils 拆分并组合本地日期时间值","status":"passed","title":"拆分并组合本地日期时间值","duration":0.9325460000000021,"failureMessages":[],"meta":{},"tags":[]},{"ancestorTitles":["transactions utils"],"fullName":"transactions utils 校验字符串是否为合法的 YYYY-MM-DD 日期 key","status":"passed","title":"校验字符串是否为合法的 YYYY-MM-DD 日期 key","duration":0.5678020000000288,"failureMessages":[],"meta":{},"tags":[]},{"ancestorTitles":["transactions utils"],"fullName":"transactions utils 拒绝格式正确但日历上不存在的日期","status":"passed","title":"拒绝格式正确但日历上不存在的日期","duration":0.5639559999999619,"failureMessages":[],"meta":{},"tags":[]},{"ancestorTitles":["transactions utils"],"fullName":"transactions utils 闰年 2 月 29 日合法，平年 2 月 29 日不合法","status":"passed","title":"闰年 2 月 29 日合法，平年 2 月 29 日不合法","duration":0.5322490000000926,"failureMessages":[],"meta":{},"tags":[]}],"startTime":1785864907096,"endTime":1785864907138.564,"status":"passed","message":"","name":"/home/runner/work/kuranote/kuranote/src/utils/transactions.test.ts"},{"assertionResults":[{"ancestorTitles":["AccountsLoadingPage"],"fullName":"AccountsLoadingPage 显示账户管理页的加载状态","status":"passed","title":"显示账户管理页的加载状态","duration":275.82932200000005,"failureMessages":[],"meta":{},"tags":[]}],"startTime":1785865025760,"endTime":1785865026035.8293,"status":"passed","message":"","name":"/home/runner/work/kuranote/kuranote/app/(protected)/accounts/loading.test.tsx"},{"assertionResults":[{"ancestorTitles":["DashboardLoadingPage"],"fullName":"DashboardLoadingPage 显示首页的加载状态","status":"passed","title":"显示首页的加载状态","duration":346.749145,"failureMessages":[],"meta":{},"tags":[]}],"startTime":1785865024592,"endTime":1785865024938.749,"status":"passed","message":"","name":"/home/runner/work/kuranote/kuranote/app/(protected)/dashboard/loading.test.tsx"},{"assertionResults":[{"ancestorTitles":["CategoriesRoute SSR"],"fullName":"CategoriesRoute SSR 直接调用 Category Service，不向自身 /api 发请求","status":"passed","title":"直接调用 Category Service，不向自身 /api 发请求","duration":5.622117999999773,"failureMessages":[],"meta":{},"tags":[]}],"startTime":1785864974045,"endTime":1785864974050.622,"status":"passed","message":"","name":"/home/runner/work/kuranote/kuranote/app/(protected)/categories/page.test.tsx"},{"assertionResults":[{"ancestorTitles":["MerchantsPage"],"fullName":"MerchantsPage SSR 直接调用 Request Container 的 Merchant Service，不请求内部 API","status":"passed","title":"SSR 直接调用 Request Container 的 Merchant Service，不请求内部 API","duration":5.536378000000013,"failureMessages":[],"meta":{},"tags":[]},{"ancestorTitles":["MerchantsPage"],"fullName":"MerchantsPage 只把搜索参数、视图数据和 Server Action 传给状态模板","status":"passed","title":"只把搜索参数、视图数据和 Server Action 传给状态模板","duration":1.918570999999929,"failureMessages":[],"meta":{},"tags":[]}],"startTime":1785864952493,"endTime":1785864952500.9185,"status":"passed","message":"","name":"/home/runner/work/kuranote/kuranote/app/(protected)/merchants/page.test.tsx"},{"assertionResults":[{"ancestorTitles":["StatisticsLoadingPage"],"fullName":"StatisticsLoadingPage 显示统计页面的加载状态","status":"passed","title":"显示统计页面的加载状态","duration":219.14967699999988,"failureMessages":[],"meta":{},"tags":[]}],"startTime":1785865021329,"endTime":1785865021548.1497,"status":"passed","message":"","name":"/home/runner/work/kuranote/kuranote/app/(protected)/statistics/loading.test.tsx"},{"assertionResults":[{"ancestorTitles":["TransactionsLoadingPage"],"fullName":"TransactionsLoadingPage 显示明细页面的加载状态","status":"passed","title":"显示明细页面的加载状态","duration":247.35725200000002,"failureMessages":[],"meta":{},"tags":[]}],"startTime":1785865021297,"endTime":1785865021544.3572,"status":"passed","message":"","name":"/home/runner/work/kuranote/kuranote/app/(protected)/transactions/loading.test.tsx"},{"assertionResults":[{"ancestorTitles":["SettingsLoadingPage"],"fullName":"SettingsLoadingPage 显示我的页面的加载状态","status":"passed","title":"显示我的页面的加载状态","duration":259.0430020000001,"failureMessages":[],"meta":{},"tags":[]}],"startTime":1785865022896,"endTime":1785865023155.043,"status":"passed","message":"","name":"/home/runner/work/kuranote/kuranote/app/(protected)/settings/loading.test.tsx"},{"assertionResults":[{"ancestorTitles":["Google OAuth callback route"],"fullName":"Google OAuth callback route 把原始 Request 交给 auth 模块 Next 适配层","status":"passed","title":"把原始 Request 交给 auth 模块 Next 适配层","duration":7.963824000000159,"failureMessages":[],"meta":{},"tags":[]}],"startTime":1785865014626,"endTime":1785865014633.9639,"status":"passed","message":"","name":"/home/runner/work/kuranote/kuranote/app/auth/callback/route.test.ts"},{"assertionResults":[{"ancestorTitles":["LedgerInviteError"],"fullName":"LedgerInviteError 展示自有错误提示并支持重新加载","status":"passed","title":"展示自有错误提示并支持重新加载","duration":331.646708,"failureMessages":[],"meta":{},"tags":[]}],"startTime":1785865011801,"endTime":1785865012132.6467,"status":"passed","message":"","name":"/home/runner/work/kuranote/kuranote/app/invite/[token]/error.test.tsx"},{"assertionResults":[{"ancestorTitles":["LedgerInviteLoadingPage"],"fullName":"LedgerInviteLoadingPage 显示邀请确认页加载骨架","status":"passed","title":"显示邀请确认页加载骨架","duration":199.4664459999999,"failureMessages":[],"meta":{},"tags":[]}],"startTime":1785865027940,"endTime":1785865028139.4666,"status":"passed","message":"","name":"/home/runner/work/kuranote/kuranote/app/invite/[token]/loading.test.tsx"},{"assertionResults":[{"ancestorTitles":["LedgerInviteRoute"],"fullName":"LedgerInviteRoute 畸形 token 直接显示失效状态并返回公开首页","status":"passed","title":"畸形 token 直接显示失效状态并返回公开首页","duration":30.023523999999952,"failureMessages":[],"meta":{},"tags":[]},{"ancestorTitles":["LedgerInviteRoute"],"fullName":"LedgerInviteRoute 未登录时自动跳转登录并保留邀请回跳地址","status":"passed","title":"未登录时自动跳转登录并保留邀请回跳地址","duration":2.235488999999916,"failureMessages":[],"meta":{},"tags":[]},{"ancestorTitles":["LedgerInviteRoute"],"fullName":"LedgerInviteRoute 认证探测抛出异常时整条路由仍跳转登录","status":"passed","title":"认证探测抛出异常时整条路由仍跳转登录","duration":4.096453999999994,"failureMessages":[],"meta":{},"tags":[]},{"ancestorTitles":["LedgerInviteRoute"],"fullName":"LedgerInviteRoute 已登录时加载邀请预览并渲染接受页面","status":"passed","title":"已登录时加载邀请预览并渲染接受页面","duration":3.2864250000000084,"failureMessages":[],"meta":{},"tags":[]},{"ancestorTitles":["probeAuthentication"],"fullName":"probeAuthentication 认证用户存在时返回 true","status":"passed","title":"认证用户存在时返回 true","duration":0.6468360000001212,"failureMessages":[],"meta":{},"tags":[]},{"ancestorTitles":["probeAuthentication"],"fullName":"probeAuthentication 认证探测返回错误时降级为未登录","status":"passed","title":"认证探测返回错误时降级为未登录","duration":0.440454999999929,"failureMessages":[],"meta":{},"tags":[]},{"ancestorTitles":["probeAuthentication"],"fullName":"probeAuthentication 认证探测抛出异常时降级且不记录邀请内容","status":"passed","title":"认证探测抛出异常时降级且不记录邀请内容","duration":0.796833000000106,"failureMessages":[],"meta":{},"tags":[]}],"startTime":1785864938303,"endTime":1785864938344.7969,"status":"passed","message":"","name":"/home/runner/work/kuranote/kuranote/app/invite/[token]/page.test.tsx"},{"assertionResults":[{"ancestorTitles":["createDynamicMuiTheme"],"fullName":"createDynamicMuiTheme 会将用户卡片色写入 MUI background.paper","status":"passed","title":"会将用户卡片色写入 MUI background.paper","duration":10.386612999999898,"failureMessages":[],"meta":{},"tags":[]},{"ancestorTitles":["createDynamicMuiTheme"],"fullName":"createDynamicMuiTheme 只让确认过的基础 palette 跟随用户主题","status":"passed","title":"只让确认过的基础 palette 跟随用户主题","duration":17.44356300000004,"failureMessages":[],"meta":{},"tags":[]},{"ancestorTitles":["createDynamicMuiTheme"],"fullName":"createDynamicMuiTheme 会将 overlay 组件背景固定为基础 paper","status":"passed","title":"会将 overlay 组件背景固定为基础 paper","duration":1.8629490000000715,"failureMessages":[],"meta":{},"tags":[]},{"ancestorTitles":["createDynamicMuiTheme"],"fullName":"createDynamicMuiTheme 全屏弹框内容避开顶部与底部安全区","status":"passed","title":"全屏弹框内容避开顶部与底部安全区","duration":0.26056199999993623,"failureMessages":[],"meta":{},"tags":[]},{"ancestorTitles":["createDynamicMuiTheme"],"fullName":"createDynamicMuiTheme CssBaseline 不会用固定颜色覆盖用户主题画布","status":"passed","title":"CssBaseline 不会用固定颜色覆盖用户主题画布","duration":0.5007620000001225,"failureMessages":[],"meta":{},"tags":[]}],"startTime":1785864962803,"endTime":1785864962833.5007,"status":"passed","message":"","name":"/home/runner/work/kuranote/kuranote/src/components/providers/DynamicMuiThemeProvider.test.ts"},{"assertionResults":[{"ancestorTitles":["executeClientMutation"],"fullName":"executeClientMutation 成功响应执行成功回调并返回 ok","status":"passed","title":"成功响应执行成功回调并返回 ok","duration":6.619593000000123,"failureMessages":[],"meta":{},"tags":[]},{"ancestorTitles":["executeClientMutation"],"fullName":"executeClientMutation 失败响应优先返回统一错误响应中的安全消息","status":"passed","title":"失败响应优先返回统一错误响应中的安全消息","duration":0.7834450000000288,"failureMessages":[],"meta":{},"tags":[]},{"ancestorTitles":["executeClientMutation"],"fullName":"executeClientMutation 失败响应不是统一结构时使用兜底消息","status":"passed","title":"失败响应不是统一结构时使用兜底消息","duration":0.9058649999999489,"failureMessages":[],"meta":{},"tags":[]},{"ancestorTitles":["executeClientMutation"],"fullName":"executeClientMutation 网络异常时返回网络错误消息","status":"passed","title":"网络异常时返回网络错误消息","duration":0.7174329999998008,"failureMessages":[],"meta":{},"tags":[]}],"startTime":1785864971911,"endTime":1785864971919.7175,"status":"passed","message":"","name":"/home/runner/work/kuranote/kuranote/src/lib/api/clientMutation.test.ts"},{"assertionResults":[{"ancestorTitles":["googleOAuth"],"fullName":"googleOAuth 注册来源会保持为注册页","status":"passed","title":"注册来源会保持为注册页","duration":6.435938000000078,"failureMessages":[],"meta":{},"tags":[]},{"ancestorTitles":["googleOAuth"],"fullName":"googleOAuth 未知来源会回退到登录页","status":"passed","title":"未知来源会回退到登录页","duration":0.29288599999995313,"failureMessages":[],"meta":{},"tags":[]},{"ancestorTitles":["googleOAuth"],"fullName":"googleOAuth 只返回已知错误文案","status":"passed","title":"只返回已知错误文案","duration":0.47486499999990883,"failureMessages":[],"meta":{},"tags":[]},{"ancestorTitles":["googleOAuth"],"fullName":"googleOAuth 原型链属性 toString 不会被当作错误码","status":"passed","title":"原型链属性 toString 不会被当作错误码","duration":0.2170330000001286,"failureMessages":[],"meta":{},"tags":[]},{"ancestorTitles":["googleOAuth"],"fullName":"googleOAuth 原型链属性 constructor 不会被当作错误码","status":"passed","title":"原型链属性 constructor 不会被当作错误码","duration":0.2966309999999339,"failureMessages":[],"meta":{},"tags":[]},{"ancestorTitles":["googleOAuth"],"fullName":"googleOAuth 原型链属性 __proto__ 不会被当作错误码","status":"passed","title":"原型链属性 __proto__ 不会被当作错误码","duration":0.1535030000000006,"failureMessages":[],"meta":{},"tags":[]},{"ancestorTitles":["googleOAuth"],"fullName":"googleOAuth 安全的邀请地址会被保留","status":"passed","title":"安全的邀请地址会被保留","duration":0.5086169999999584,"failureMessages":[],"meta":{},"tags":[]},{"ancestorTitles":["googleOAuth"],"fullName":"googleOAuth 上限长度的回跳地址会保留，超长地址退回首页","status":"passed","title":"上限长度的回跳地址会保留，超长地址退回首页","duration":0.5574219999998604,"failureMessages":[],"meta":{},"tags":[]},{"ancestorTitles":["googleOAuth"],"fullName":"googleOAuth 不安全回跳地址 https://evil.example 会退回首页","status":"passed","title":"不安全回跳地址 https://evil.example 会退回首页","duration":0.3358980000000429,"failureMessages":[],"meta":{},"tags":[]},{"ancestorTitles":["googleOAuth"],"fullName":"googleOAuth 不安全回跳地址 //evil.example 会退回首页","status":"passed","title":"不安全回跳地址 //evil.example 会退回首页","duration":0.2149779999999737,"failureMessages":[],"meta":{},"tags":[]},{"ancestorTitles":["googleOAuth"],"fullName":"googleOAuth 不安全回跳地址 /invite\\evil.example 会退回首页","status":"passed","title":"不安全回跳地址 /invite\\evil.example 会退回首页","duration":0.12603899999999157,"failureMessages":[],"meta":{},"tags":[]},{"ancestorTitles":["googleOAuth"],"fullName":"googleOAuth 不安全回跳地址  会退回首页","status":"passed","title":"不安全回跳地址  会退回首页","duration":0.08882100000005266,"failureMessages":[],"meta":{},"tags":[]},{"ancestorTitles":["googleOAuth"],"fullName":"googleOAuth 失败地址会保留安全回跳目标","status":"passed","title":"失败地址会保留安全回跳目标","duration":0.6626220000000558,"failureMessages":[],"meta":{},"tags":[]}],"startTime":1785864977568,"endTime":1785864977578.6626,"status":"passed","message":"","name":"/home/runner/work/kuranote/kuranote/src/lib/auth/googleOAuth.test.ts"},{"assertionResults":[{"ancestorTitles":["isValidLedgerInviteToken"],"fullName":"isValidLedgerInviteToken 接受 64 位小写十六进制 token","status":"passed","title":"接受 64 位小写十六进制 token","duration":2.3177620000001298,"failureMessages":[],"meta":{},"tags":[]},{"ancestorTitles":["isValidLedgerInviteToken"],"fullName":"isValidLedgerInviteToken 拒绝畸形 token ","status":"passed","title":"拒绝畸形 token ","duration":0.28204100000016297,"failureMessages":[],"meta":{},"tags":[]},{"ancestorTitles":["isValidLedgerInviteToken"],"fullName":"isValidLedgerInviteToken 拒绝畸形 token aaaaaaaaaaaaaaaaaaaaaaaaaaaaaaaaaaaaaaaaaaaaaaaaaaaaaaaaaaaaaaa","status":"passed","title":"拒绝畸形 token aaaaaaaaaaaaaaaaaaaaaaaaaaaaaaaaaaaaaaaaaaaaaaaaaaaaaaaaaaaaaaa","duration":0.15924400000017158,"failureMessages":[],"meta":{},"tags":[]},{"ancestorTitles":["isValidLedgerInviteToken"],"fullName":"isValidLedgerInviteToken 拒绝畸形 token aaaaaaaaaaaaaaaaaaaaaaaaaaaaaaaaaaaaaaaaaaaaaaaaaaaaaaaaaaaaaaaaa","status":"passed","title":"拒绝畸形 token aaaaaaaaaaaaaaaaaaaaaaaaaaaaaaaaaaaaaaaaaaaaaaaaaaaaaaaaaaaaaaaaa","duration":0.21606899999983398,"failureMessages":[],"meta":{},"tags":[]},{"ancestorTitles":["isValidLedgerInviteToken"],"fullName":"isValidLedgerInviteToken 拒绝畸形 token AAAAAAAAAAAAAAAAAAAAAAAAAAAAAAAAAAAAAAAAAAAAAAAAAAAAAAAAAAAAAAAA","status":"passed","title":"拒绝畸形 token AAAAAAAAAAAAAAAAAAAAAAAAAAAAAAAAAAAAAAAAAAAAAAAAAAAAAAAAAAAAAAAA","duration":0.3845529999998689,"failureMessages":[],"meta":{},"tags":[]},{"ancestorTitles":["isValidLedgerInviteToken"],"fullName":"isValidLedgerInviteToken 拒绝畸形 token gggggggggggggggggggggggggggggggggggggggggggggggggggggggggggggggg","status":"passed","title":"拒绝畸形 token gggggggggggggggggggggggggggggggggggggggggggggggggggggggggggggggg","duration":0.22684800000001815,"failureMessages":[],"meta":{},"tags":[]},{"ancestorTitles":["isValidLedgerInviteToken"],"fullName":"isValidLedgerInviteToken 拒绝畸形 token ../../../../../../../../../../../../../../../../../../../../../../","status":"passed","title":"拒绝畸形 token ../../../../../../../../../../../../../../../../../../../../../../","duration":0.2560679999999138,"failureMessages":[],"meta":{},"tags":[]}],"startTime":1785865024118,"endTime":1785865024122.256,"status":"passed","message":"","name":"/home/runner/work/kuranote/kuranote/src/lib/ledger/inviteToken.test.ts"},{"assertionResults":[{"ancestorTitles":["qrCode"],"fullName":"qrCode 生成方形二维码矩阵并保留三个定位图案","status":"passed","title":"生成方形二维码矩阵并保留三个定位图案","duration":25.20137100000011,"failureMessages":[],"meta":{},"tags":[]},{"ancestorTitles":["qrCode"],"fullName":"qrCode 不同邀请链接生成不同路径","status":"passed","title":"不同邀请链接生成不同路径","duration":11.383243999999877,"failureMessages":[],"meta":{},"tags":[]},{"ancestorTitles":["qrCode"],"fullName":"qrCode 内容超过二维码容量时拒绝生成","status":"passed","title":"内容超过二维码容量时拒绝生成","duration":1.1570820000001731,"failureMessages":[],"meta":{},"tags":[]}],"startTime":1785864994742,"endTime":1785864994779.157,"status":"passed","message":"","name":"/home/runner/work/kuranote/kuranote/src/lib/qr/qrCode.test.ts"},{"assertionResults":[{"ancestorTitles":["updateSession"],"fullName":"updateSession 认证声明刷新成功时返回 NextResponse","status":"passed","title":"认证声明刷新成功时返回 NextResponse","duration":11.060105000000021,"failureMessages":[],"meta":{},"tags":[]},{"ancestorTitles":["updateSession"],"fullName":"updateSession 公开入口 / 刷新声明失败时继续请求","status":"passed","title":"公开入口 / 刷新声明失败时继续请求","duration":6.309244000000035,"failureMessages":[],"meta":{},"tags":[]},{"ancestorTitles":["updateSession"],"fullName":"updateSession 公开入口 /invite 刷新声明失败时继续请求","status":"passed","title":"公开入口 /invite 刷新声明失败时继续请求","duration":0.9569270000001779,"failureMessages":[],"meta":{},"tags":[]},{"ancestorTitles":["updateSession"],"fullName":"updateSession 公开入口 /invite/secret-invite-token 刷新声明失败时继续请求","status":"passed","title":"公开入口 /invite/secret-invite-token 刷新声明失败时继续请求","duration":0.9818609999999808,"failureMessages":[],"meta":{},"tags":[]},{"ancestorTitles":["updateSession"],"fullName":"updateSession 公开入口 /invite/secret-invite-token/ 刷新声明失败时继续请求","status":"passed","title":"公开入口 /invite/secret-invite-token/ 刷新声明失败时继续请求","duration":0.8814830000001166,"failureMessages":[],"meta":{},"tags":[]},{"ancestorTitles":["updateSession"],"fullName":"updateSession 公开入口 /login 刷新声明失败时继续请求","status":"passed","title":"公开入口 /login 刷新声明失败时继续请求","duration":0.728556000000026,"failureMessages":[],"meta":{},"tags":[]},{"ancestorTitles":["updateSession"],"fullName":"updateSession 公开入口 /login/ 刷新声明失败时继续请求","status":"passed","title":"公开入口 /login/ 刷新声明失败时继续请求","duration":0.4458349999999882,"failureMessages":[],"meta":{},"tags":[]},{"ancestorTitles":["updateSession"],"fullName":"updateSession 公开入口 /register 刷新声明失败时继续请求","status":"passed","title":"公开入口 /register 刷新声明失败时继续请求","duration":0.3108669999999165,"failureMessages":[],"meta":{},"tags":[]},{"ancestorTitles":["updateSession"],"fullName":"updateSession 公开入口 /register/ 刷新声明失败时继续请求","status":"passed","title":"公开入口 /register/ 刷新声明失败时继续请求","duration":0.4670560000001842,"failureMessages":[],"meta":{},"tags":[]},{"ancestorTitles":["updateSession"],"fullName":"updateSession 受保护路由 /dashboard 刷新认证声明失败时保持原有失败行为","status":"passed","title":"受保护路由 /dashboard 刷新认证声明失败时保持原有失败行为","duration":0.6536009999999806,"failureMessages":[],"meta":{},"tags":[]},{"ancestorTitles":["updateSession"],"fullName":"updateSession 受保护路由 /login-evil 刷新认证声明失败时保持原有失败行为","status":"passed","title":"受保护路由 /login-evil 刷新认证声明失败时保持原有失败行为","duration":0.29207899999983056,"failureMessages":[],"meta":{},"tags":[]},{"ancestorTitles":["updateSession"],"fullName":"updateSession 受保护路由 /register-admin 刷新认证声明失败时保持原有失败行为","status":"passed","title":"受保护路由 /register-admin 刷新认证声明失败时保持原有失败行为","duration":0.26420199999984106,"failureMessages":[],"meta":{},"tags":[]},{"ancestorTitles":["updateSession"],"fullName":"updateSession 公开入口初始化客户端失败时继续请求","status":"passed","title":"公开入口初始化客户端失败时继续请求","duration":0.4883989999998448,"failureMessages":[],"meta":{},"tags":[]}],"startTime":1785864957513,"endTime":1785864957537.4883,"status":"passed","message":"","name":"/home/runner/work/kuranote/kuranote/src/lib/supabase/proxy.test.ts"},{"assertionResults":[{"ancestorTitles":["getAccountErrorMessage"],"fullName":"getAccountErrorMessage 返回账户模块的权威用户文案","status":"passed","title":"返回账户模块的权威用户文案","duration":2.5084159999998974,"failureMessages":[],"meta":{},"tags":[]},{"ancestorTitles":["getAccountErrorMessage"],"fullName":"getAccountErrorMessage 未知错误码不返回文案","status":"passed","title":"未知错误码不返回文案","duration":0.5194420000000264,"failureMessages":[],"meta":{},"tags":[]}],"startTime":1785865015345,"endTime":1785865015348.5195,"status":"passed","message":"","name":"/home/runner/work/kuranote/kuranote/src/internal/account/errors.test.ts"},{"assertionResults":[{"ancestorTitles":["account router"],"fullName":"account router 读取账户页面数据时返回 200 且不触发缓存失效","status":"passed","title":"读取账户页面数据时返回 200 且不触发缓存失效","duration":31.45686699999999,"failureMessages":[],"meta":{},"tags":[]},{"ancestorTitles":["account router"],"fullName":"account router 创建账户时调用 Service 并只在成功后刷新账户页面","status":"passed","title":"创建账户时调用 Service 并只在成功后刷新账户页面","duration":3.969449999999938,"failureMessages":[],"meta":{},"tags":[]},{"ancestorTitles":["account router"],"fullName":"account router 创建请求参数无效时返回 400 且不调用 Service","status":"passed","title":"创建请求参数无效时返回 400 且不调用 Service","duration":2.0192659999999023,"failureMessages":[],"meta":{},"tags":[]},{"ancestorTitles":["account router"],"fullName":"account router 更新账户成功时传递路径和请求参数并刷新账户页面","status":"passed","title":"更新账户成功时传递路径和请求参数并刷新账户页面","duration":2.2051460000000134,"failureMessages":[],"meta":{},"tags":[]},{"ancestorTitles":["account router"],"fullName":"account router 归档账户成功时传递账户、账本和用户并刷新账户页面","status":"passed","title":"归档账户成功时传递账户、账本和用户并刷新账户页面","duration":1.5863380000000689,"failureMessages":[],"meta":{},"tags":[]},{"ancestorTitles":["account router"],"fullName":"account router Service 拒绝更新时返回 403 且不触发缓存失效","status":"passed","title":"Service 拒绝更新时返回 403 且不触发缓存失效","duration":1.8555089999999836,"failureMessages":[],"meta":{},"tags":[]},{"ancestorTitles":["account router"],"fullName":"account router 资源不存在时真实入口返回统一 404","status":"passed","title":"资源不存在时真实入口返回统一 404","duration":4.945455000000038,"failureMessages":[],"meta":{},"tags":[]},{"ancestorTitles":["account router"],"fullName":"account router Repository 失败时真实入口返回安全 500","status":"passed","title":"Repository 失败时真实入口返回安全 500","duration":1.8422010000000455,"failureMessages":[],"meta":{},"tags":[]},{"ancestorTitles":["account router"],"fullName":"account router 缺少同源 Origin 的删除请求返回 403 且不调用 Service","status":"passed","title":"缺少同源 Origin 的删除请求返回 403 且不调用 Service","duration":3.4019669999998996,"failureMessages":[],"meta":{},"tags":[]}],"startTime":1785864911363,"endTime":1785864911416.4019,"status":"passed","message":"","name":"/home/runner/work/kuranote/kuranote/src/internal/account/router.test.ts"},{"assertionResults":[{"ancestorTitles":["Account Schema"],"fullName":"Account Schema 创建请求接受合法账户字段","status":"passed","title":"创建请求接受合法账户字段","duration":3.9310760000000187,"failureMessages":[],"meta":{},"tags":[]},{"ancestorTitles":["Account Schema"],"fullName":"Account Schema 拒绝空持有人、非法货币和非法账户类型","status":"passed","title":"拒绝空持有人、非法货币和非法账户类型","duration":1.2802829999999972,"failureMessages":[],"meta":{},"tags":[]}],"startTime":1785865013001,"endTime":1785865013006.2803,"status":"passed","message":"","name":"/home/runner/work/kuranote/kuranote/src/internal/account/schema.test.ts"},{"assertionResults":[{"ancestorTitles":["googleAuthConfig"],"fullName":"googleAuthConfig 仅在环境变量为 true 时启用 Google OAuth","status":"passed","title":"仅在环境变量为 true 时启用 Google OAuth","duration":2.422608999999966,"failureMessages":[],"meta":{},"tags":[]},{"ancestorTitles":["googleAuthConfig"],"fullName":"googleAuthConfig 环境变量为 undefined 时保持禁用","status":"passed","title":"环境变量为 undefined 时保持禁用","duration":0.3475499999999556,"failureMessages":[],"meta":{},"tags":[]},{"ancestorTitles":["googleAuthConfig"],"fullName":"googleAuthConfig 环境变量为 false 时保持禁用","status":"passed","title":"环境变量为 false 时保持禁用","duration":0.2911199999998644,"failureMessages":[],"meta":{},"tags":[]},{"ancestorTitles":["googleAuthConfig"],"fullName":"googleAuthConfig 环境变量为 TRUE 时保持禁用","status":"passed","title":"环境变量为 TRUE 时保持禁用","duration":0.43221700000003693,"failureMessages":[],"meta":{},"tags":[]},{"ancestorTitles":["googleAuthConfig"],"fullName":"googleAuthConfig 环境变量为 1 时保持禁用","status":"passed","title":"环境变量为 1 时保持禁用","duration":0.24420299999997042,"failureMessages":[],"meta":{},"tags":[]}],"startTime":1785865010813,"endTime":1785865010817.4321,"status":"passed","message":"","name":"/home/runner/work/kuranote/kuranote/src/internal/auth/googleAuthConfig.test.ts"},{"assertionResults":[{"ancestorTitles":["auth OTP hash"],"fullName":"auth OTP hash 邮箱 hash 前会去除首尾空白并转成小写","status":"passed","title":"邮箱 hash 前会去除首尾空白并转成小写","duration":3.1445909999999913,"failureMessages":[],"meta":{},"tags":[]},{"ancestorTitles":["auth OTP hash"],"fullName":"auth OTP hash 相同标准化输入每次生成一致的 hash","status":"passed","title":"相同标准化输入每次生成一致的 hash","duration":0.3177020000000539,"failureMessages":[],"meta":{},"tags":[]},{"ancestorTitles":["auth OTP hash"],"fullName":"auth OTP hash IP 优先使用 Vercel 转发头","status":"passed","title":"IP 优先使用 Vercel 转发头","duration":1.8814680000000408,"failureMessages":[],"meta":{},"tags":[]},{"ancestorTitles":["auth OTP hash"],"fullName":"auth OTP hash Vercel 转发头无效时使用下一个可信 header","status":"passed","title":"Vercel 转发头无效时使用下一个可信 header","duration":5.375988000000007,"failureMessages":[],"meta":{},"tags":[]},{"ancestorTitles":["auth OTP hash"],"fullName":"auth OTP hash IP 优先使用 x-forwarded-for 的最后一个非空值","status":"passed","title":"IP 优先使用 x-forwarded-for 的最后一个非空值","duration":0.5670310000000427,"failureMessages":[],"meta":{},"tags":[]},{"ancestorTitles":["auth OTP hash"],"fullName":"auth OTP hash 没有 x-forwarded-for 时使用 x-real-ip","status":"passed","title":"没有 x-forwarded-for 时使用 x-real-ip","duration":0.3451860000000124,"failureMessages":[],"meta":{},"tags":[]},{"ancestorTitles":["auth OTP hash"],"fullName":"auth OTP hash 没有更高优先级的 header 时使用 x-vercel-proxied-for","status":"passed","title":"没有更高优先级的 header 时使用 x-vercel-proxied-for","duration":0.40813600000001315,"failureMessages":[],"meta":{},"tags":[]},{"ancestorTitles":["auth OTP hash"],"fullName":"auth OTP hash 从 forwarded header 读取 for 值","status":"passed","title":"从 forwarded header 读取 for 值","duration":0.4385819999999967,"failureMessages":[],"meta":{},"tags":[]},{"ancestorTitles":["auth OTP hash"],"fullName":"auth OTP hash 从 forwarded header 读取无引号 IPv4","status":"passed","title":"从 forwarded header 读取无引号 IPv4","duration":0.378872999999885,"failureMessages":[],"meta":{},"tags":[]},{"ancestorTitles":["auth OTP hash"],"fullName":"auth OTP hash 标准化 forwarded 的 IP 节点标识：for=\"192.0.2.50:8080\"","status":"passed","title":"标准化 forwarded 的 IP 节点标识：for=\"192.0.2.50:8080\"","duration":0.39507899999989604,"failureMessages":[],"meta":{},"tags":[]},{"ancestorTitles":["auth OTP hash"],"fullName":"auth OTP hash 标准化 forwarded 的 IP 节点标识：for=\"[2001:db8::1]\"","status":"passed","title":"标准化 forwarded 的 IP 节点标识：for=\"[2001:db8::1]\"","duration":0.2752170000001115,"failureMessages":[],"meta":{},"tags":[]},{"ancestorTitles":["auth OTP hash"],"fullName":"auth OTP hash 标准化 forwarded 的 IP 节点标识：for=\"[2001:db8::1]:8080\"","status":"passed","title":"标准化 forwarded 的 IP 节点标识：for=\"[2001:db8::1]:8080\"","duration":0.22870800000009694,"failureMessages":[],"meta":{},"tags":[]},{"ancestorTitles":["auth OTP hash"],"fullName":"auth OTP hash 无法识别任意字符串为可信 IP","status":"passed","title":"无法识别任意字符串为可信 IP","duration":0.48003499999981614,"failureMessages":[],"meta":{},"tags":[]},{"ancestorTitles":["auth OTP hash"],"fullName":"auth OTP hash 开发环境没有可用 IP 时使用本地 fallback","status":"passed","title":"开发环境没有可用 IP 时使用本地 fallback","duration":0.6089039999999386,"failureMessages":[],"meta":{},"tags":[]},{"ancestorTitles":["auth OTP hash"],"fullName":"auth OTP hash production 环境没有可用 IP 时返回 null","status":"passed","title":"production 环境没有可用 IP 时返回 null","duration":0.627962000000025,"failureMessages":[],"meta":{},"tags":[]},{"ancestorTitles":["auth OTP hash"],"fullName":"auth OTP hash test 环境没有可用 IP 时返回 null","status":"passed","title":"test 环境没有可用 IP 时返回 null","duration":0.42230099999983395,"failureMessages":[],"meta":{},"tags":[]}],"startTime":1785864946740,"endTime":1785864946756.4224,"status":"passed","message":"","name":"/home/runner/work/kuranote/kuranote/src/internal/auth/otpHash.test.ts"},{"assertionResults":[{"ancestorTitles":["auth router"],"fullName":"auth router Cookie 写请求缺少同源 Origin 时返回 403 且不调用 Service","status":"passed","title":"Cookie 写请求缺少同源 Origin 时返回 403 且不调用 Service","duration":32.714669000000015,"failureMessages":[],"meta":{},"tags":[]},{"ancestorTitles":["auth router"],"fullName":"auth router Schema 校验失败返回统一错误体，不暴露 Zod 内部细节","status":"passed","title":"Schema 校验失败返回统一错误体，不暴露 Zod 内部细节","duration":5.498362999999927,"failureMessages":[],"meta":{},"tags":[]},{"ancestorTitles":["auth router"],"fullName":"auth router JSON 请求体损坏时返回统一 400，而不是内部 500","status":"passed","title":"JSON 请求体损坏时返回统一 400，而不是内部 500","duration":1.8810490000000755,"failureMessages":[],"meta":{},"tags":[]},{"ancestorTitles":["auth router"],"fullName":"auth router 同源登录请求进入 Controller 并返回 200","status":"passed","title":"同源登录请求进入 Controller 并返回 200","duration":2.5652809999999135,"failureMessages":[],"meta":{},"tags":[]},{"ancestorTitles":["auth router"],"fullName":"auth router GET Session 属于安全方法，不要求 Origin","status":"passed","title":"GET Session 属于安全方法，不要求 Origin","duration":1.7022660000000087,"failureMessages":[],"meta":{},"tags":[]},{"ancestorTitles":["auth router"],"fullName":"auth router OTP 限流错误返回 429、统一错误体和 Retry-After","status":"passed","title":"OTP 限流错误返回 429、统一错误体和 Retry-After","duration":3.7641620000000557,"failureMessages":[],"meta":{},"tags":[]},{"ancestorTitles":["auth router"],"fullName":"auth router 未登记路径由上层 Router 继续处理为 404","status":"passed","title":"未登记路径由上层 Router 继续处理为 404","duration":6.230616999999938,"failureMessages":[],"meta":{},"tags":[]},{"ancestorTitles":["auth router"],"fullName":"auth router Google OAuth nextPath 超长时返回统一 validation_error","status":"passed","title":"Google OAuth nextPath 超长时返回统一 validation_error","duration":2.1365319999999883,"failureMessages":[],"meta":{},"tags":[]},{"ancestorTitles":["auth router middleware order"],"fullName":"auth router middleware order returns 403 before parsing an untrusted request body","status":"passed","title":"returns 403 before parsing an untrusted request body","duration":1.6002279999999018,"failureMessages":[],"meta":{},"tags":[]},{"ancestorTitles":["auth router middleware order"],"fullName":"auth router middleware order returns 400 for malformed same-origin JSON","status":"passed","title":"returns 400 for malformed same-origin JSON","duration":1.4950319999999238,"failureMessages":[],"meta":{},"tags":[]}],"startTime":1785864911912,"endTime":1785864911971.495,"status":"passed","message":"","name":"/home/runner/work/kuranote/kuranote/src/internal/auth/router.test.ts"},{"assertionResults":[{"ancestorTitles":["auth schema"],"fullName":"auth schema 登录邮箱会 trim，但密码保持原值","status":"passed","title":"登录邮箱会 trim，但密码保持原值","duration":4.05813599999999,"failureMessages":[],"meta":{},"tags":[]},{"ancestorTitles":["auth schema"],"fullName":"auth schema 直接注册契约必须携带 Turnstile token","status":"passed","title":"直接注册契约必须携带 Turnstile token","duration":1.5303710000000024,"failureMessages":[],"meta":{},"tags":[]},{"ancestorTitles":["auth schema"],"fullName":"auth schema Turnstile token 超过官方长度上限时拒绝请求","status":"passed","title":"Turnstile token 超过官方长度上限时拒绝请求","duration":0.9827139999999872,"failureMessages":[],"meta":{},"tags":[]},{"ancestorTitles":["auth schema"],"fullName":"auth schema OTP 重发契约只要求邮箱和 Turnstile token","status":"passed","title":"OTP 重发契约只要求邮箱和 Turnstile token","duration":0.39901300000002493,"failureMessages":[],"meta":{},"tags":[]},{"ancestorTitles":["auth schema"],"fullName":"auth schema OTP 校验只接受 6 位数字","status":"passed","title":"OTP 校验只接受 6 位数字","duration":0.8847390000000246,"failureMessages":[],"meta":{},"tags":[]},{"ancestorTitles":["auth schema"],"fullName":"auth schema Session 响应保持 authenticated 与 user 一致","status":"passed","title":"Session 响应保持 authenticated 与 user 一致","duration":2.680334000000016,"failureMessages":[],"meta":{},"tags":[]},{"ancestorTitles":["auth schema"],"fullName":"auth schema Google OAuth nextPath 接受上限长度并拒绝超长路径","status":"passed","title":"Google OAuth nextPath 接受上限长度并拒绝超长路径","duration":0.7091849999999909,"failureMessages":[],"meta":{},"tags":[]}],"startTime":1785864960290,"endTime":1785864960301.7092,"status":"passed","message":"","name":"/home/runner/work/kuranote/kuranote/src/internal/auth/schema.test.ts"},{"assertionResults":[{"ancestorTitles":["turnstileKeys"],"fullName":"turnstileKeys Production 使用正式 site key","status":"passed","title":"Production 使用正式 site key","duration":2.4418719999998757,"failureMessages":[],"meta":{},"tags":[]},{"ancestorTitles":["turnstileKeys"],"fullName":"turnstileKeys Production 缺少正式 site key 时抛出错误","status":"passed","title":"Production 缺少正式 site key 时抛出错误","duration":1.2062100000000555,"failureMessages":[],"meta":{},"tags":[]},{"ancestorTitles":["turnstileKeys"],"fullName":"turnstileKeys Vercel Preview 同时配置专用 site key 和 secret key 时使用专用 key pair","status":"passed","title":"Vercel Preview 同时配置专用 site key 和 secret key 时使用专用 key pair","duration":0.6816490000001068,"failureMessages":[],"meta":{},"tags":[]},{"ancestorTitles":["turnstileKeys"],"fullName":"turnstileKeys Vercel Preview 缺少专用 key pair 时使用官方测试 key pair","status":"passed","title":"Vercel Preview 缺少专用 key pair 时使用官方测试 key pair","duration":0.6108500000000276,"failureMessages":[],"meta":{},"tags":[]},{"ancestorTitles":["turnstileKeys"],"fullName":"turnstileKeys Vercel Preview 只配置专用 site key 时使用官方测试 key pair","status":"passed","title":"Vercel Preview 只配置专用 site key 时使用官方测试 key pair","duration":0.3821469999998044,"failureMessages":[],"meta":{},"tags":[]},{"ancestorTitles":["turnstileKeys"],"fullName":"turnstileKeys Vercel Preview 只配置专用 secret key 时使用官方测试 key pair","status":"passed","title":"Vercel Preview 只配置专用 secret key 时使用官方测试 key pair","duration":2.9020210000001043,"failureMessages":[],"meta":{},"tags":[]},{"ancestorTitles":["turnstileKeys"],"fullName":"turnstileKeys 本地开发缺少正式 site key 时使用官方测试 site key","status":"passed","title":"本地开发缺少正式 site key 时使用官方测试 site key","duration":0.35215599999992264,"failureMessages":[],"meta":{},"tags":[]},{"ancestorTitles":["turnstileKeys"],"fullName":"turnstileKeys Production 使用正式 secret key","status":"passed","title":"Production 使用正式 secret key","duration":0.29557999999997264,"failureMessages":[],"meta":{},"tags":[]},{"ancestorTitles":["turnstileKeys"],"fullName":"turnstileKeys Production 缺少正式 secret key 时抛出可识别配置错误","status":"passed","title":"Production 缺少正式 secret key 时抛出可识别配置错误","duration":0.6397360000000845,"failureMessages":[],"meta":{},"tags":[]},{"ancestorTitles":["turnstileKeys"],"fullName":"turnstileKeys 本地开发缺少正式 secret key 时保持 fail closed","status":"passed","title":"本地开发缺少正式 secret key 时保持 fail closed","duration":0.2964520000000448,"failureMessages":[],"meta":{},"tags":[]}],"startTime":1785864943939,"endTime":1785864943949.6396,"status":"passed","message":"","name":"/home/runner/work/kuranote/kuranote/src/internal/auth/turnstileKeys.test.ts"},{"assertionResults":[{"ancestorTitles":["category errors"],"fullName":"category errors 返回分类校验与业务错误的安全文案","status":"passed","title":"返回分类校验与业务错误的安全文案","duration":2.7074219999999514,"failureMessages":[],"meta":{},"tags":[]},{"ancestorTitles":["category errors"],"fullName":"category errors 未知错误码返回 null","status":"passed","title":"未知错误码返回 null","duration":0.42117800000005445,"failureMessages":[],"meta":{},"tags":[]}],"startTime":1785865015584,"endTime":1785865015587.4211,"status":"passed","message":"","name":"/home/runner/work/kuranote/kuranote/src/internal/category/errors.test.ts"},{"assertionResults":[{"ancestorTitles":["category router"],"fullName":"category router 创建分类时校验参数、调用 Service、返回 201 并刷新分类页","status":"passed","title":"创建分类时校验参数、调用 Service、返回 201 并刷新分类页","duration":34.25232700000004,"failureMessages":[],"meta":{},"tags":[]},{"ancestorTitles":["category router"],"fullName":"category router 创建请求参数无效时返回 400 且不调用 Service 或缓存失效","status":"passed","title":"创建请求参数无效时返回 400 且不调用 Service 或缓存失效","duration":2.492065000000025,"failureMessages":[],"meta":{},"tags":[]},{"ancestorTitles":["category router"],"fullName":"category router 未登录时返回 401 且不调用 Service","status":"passed","title":"未登录时返回 401 且不调用 Service","duration":1.8640659999999798,"failureMessages":[],"meta":{},"tags":[]},{"ancestorTitles":["category router"],"fullName":"category router 来源不一致时 Same-Origin 中间件拒绝写请求","status":"passed","title":"来源不一致时 Same-Origin 中间件拒绝写请求","duration":1.3680879999999433,"failureMessages":[],"meta":{},"tags":[]},{"ancestorTitles":["category router"],"fullName":"category router 更新、归档和排序路由传递路径参数与用户 ID","status":"passed","title":"更新、归档和排序路由传递路径参数与用户 ID","duration":3.488658999999984,"failureMessages":[],"meta":{},"tags":[]},{"ancestorTitles":["category router"],"fullName":"category router Service 失败时返回统一应用错误且不触发缓存失效","status":"passed","title":"Service 失败时返回统一应用错误且不触发缓存失效","duration":2.1481129999999666,"failureMessages":[],"meta":{},"tags":[]}],"startTime":1785864915557,"endTime":1785864915603.1482,"status":"passed","message":"","name":"/home/runner/work/kuranote/kuranote/src/internal/category/router.test.ts"},{"assertionResults":[{"ancestorTitles":["category schema"],"fullName":"category schema 创建请求会 trim 名称并接受图标库中的 Emoji","status":"passed","title":"创建请求会 trim 名称并接受图标库中的 Emoji","duration":6.889860999999996,"failureMessages":[],"meta":{},"tags":[]},{"ancestorTitles":["category schema"],"fullName":"category schema 存储名称加上 Emoji 后超过 100 个 Unicode 字符时拒绝","status":"passed","title":"存储名称加上 Emoji 后超过 100 个 Unicode 字符时拒绝","duration":0.935120999999981,"failureMessages":[],"meta":{},"tags":[]},{"ancestorTitles":["category schema"],"fullName":"category schema Server Action 创建表单复用同一 Schema 错误码","status":"passed","title":"Server Action 创建表单复用同一 Schema 错误码","duration":20.709371999999917,"failureMessages":[],"meta":{},"tags":[]},{"ancestorTitles":["category schema"],"fullName":"category schema 更新表单保留合法 categoryId 供错误回跳定位","status":"passed","title":"更新表单保留合法 categoryId 供错误回跳定位","duration":2.271231000000057,"failureMessages":[],"meta":{},"tags":[]},{"ancestorTitles":["category schema"],"fullName":"category schema 更新表单不把非法 categoryId 带回错误 URL","status":"passed","title":"更新表单不把非法 categoryId 带回错误 URL","duration":1.1109730000000582,"failureMessages":[],"meta":{},"tags":[]},{"ancestorTitles":["category schema"],"fullName":"category schema 排序拒绝重复、空数组和超过上限的分类 ID","status":"passed","title":"排序拒绝重复、空数组和超过上限的分类 ID","duration":1.7526569999999992,"failureMessages":[],"meta":{},"tags":[]},{"ancestorTitles":["category schema"],"fullName":"category schema 排序表单 JSON 损坏或分类 ID 非法时返回 order_invalid","status":"passed","title":"排序表单 JSON 损坏或分类 ID 非法时返回 order_invalid","duration":0.8366089999999531,"failureMessages":[],"meta":{},"tags":[]},{"ancestorTitles":["category schema"],"fullName":"category schema 排序表单正常时返回规范化参数","status":"passed","title":"排序表单正常时返回规范化参数","duration":0.514630000000011,"failureMessages":[],"meta":{},"tags":[]}],"startTime":1785864942195,"endTime":1785864942230.5146,"status":"passed","message":"","name":"/home/runner/work/kuranote/kuranote/src/internal/category/schema.test.ts"},{"assertionResults":[{"ancestorTitles":["current ledger 数据边界"],"fullName":"current ledger 数据边界 current ledger 只能指向用户 active 加入且未归档的账本","status":"passed","title":"current ledger 只能指向用户 active 加入且未归档的账本","duration":2.5674529999998867,"failureMessages":[],"meta":{},"tags":[]},{"ancestorTitles":["current ledger 数据边界"],"fullName":"current ledger 数据边界 账本权限判断同时校验账本、登录用户、成员状态和用户状态","status":"passed","title":"账本权限判断同时校验账本、登录用户、成员状态和用户状态","duration":0.3207310000000234,"failureMessages":[],"meta":{},"tags":[]},{"ancestorTitles":["current ledger 数据边界"],"fullName":"current ledger 数据边界 交易 RPC create_transaction 重新校验目标账本写权限","status":"passed","title":"交易 RPC create_transaction 重新校验目标账本写权限","duration":0.2188220000000456,"failureMessages":[],"meta":{},"tags":[]},{"ancestorTitles":["current ledger 数据边界"],"fullName":"current ledger 数据边界 交易 RPC create_transfer_transaction 重新校验目标账本写权限","status":"passed","title":"交易 RPC create_transfer_transaction 重新校验目标账本写权限","duration":0.12265900000011243,"failureMessages":[],"meta":{},"tags":[]},{"ancestorTitles":["current ledger 数据边界"],"fullName":"current ledger 数据边界 交易 RPC update_transaction 重新校验目标账本写权限","status":"passed","title":"交易 RPC update_transaction 重新校验目标账本写权限","duration":0.2912859999999,"failureMessages":[],"meta":{},"tags":[]},{"ancestorTitles":["current ledger 数据边界"],"fullName":"current ledger 数据边界 交易 RPC update_transfer_transaction 重新校验目标账本写权限","status":"passed","title":"交易 RPC update_transfer_transaction 重新校验目标账本写权限","duration":0.1386010000001079,"failureMessages":[],"meta":{},"tags":[]},{"ancestorTitles":["current ledger 数据边界"],"fullName":"current ledger 数据边界 交易 RPC convert_transaction_type 重新校验目标账本写权限","status":"passed","title":"交易 RPC convert_transaction_type 重新校验目标账本写权限","duration":0.09029899999995905,"failureMessages":[],"meta":{},"tags":[]},{"ancestorTitles":["current ledger 数据边界"],"fullName":"current ledger 数据边界 交易 RPC void_transaction 重新校验目标账本写权限","status":"passed","title":"交易 RPC void_transaction 重新校验目标账本写权限","duration":0.12402399999996305,"failureMessages":[],"meta":{},"tags":[]},{"ancestorTitles":["current ledger 数据边界"],"fullName":"current ledger 数据边界 交易变更 RPC update_transaction 只锁定目标账本内的 active 记录","status":"passed","title":"交易变更 RPC update_transaction 只锁定目标账本内的 active 记录","duration":0.2482119999999668,"failureMessages":[],"meta":{},"tags":[]},{"ancestorTitles":["current ledger 数据边界"],"fullName":"current ledger 数据边界 交易变更 RPC update_transfer_transaction 只锁定目标账本内的 active 记录","status":"passed","title":"交易变更 RPC update_transfer_transaction 只锁定目标账本内的 active 记录","duration":0.1579309999999623,"failureMessages":[],"meta":{},"tags":[]},{"ancestorTitles":["current ledger 数据边界"],"fullName":"current ledger 数据边界 交易变更 RPC convert_transaction_type 只锁定目标账本内的 active 记录","status":"passed","title":"交易变更 RPC convert_transaction_type 只锁定目标账本内的 active 记录","duration":0.1431720000000496,"failureMessages":[],"meta":{},"tags":[]},{"ancestorTitles":["current ledger 数据边界"],"fullName":"current ledger 数据边界 交易变更 RPC void_transaction 只锁定目标账本内的 active 记录","status":"passed","title":"交易变更 RPC void_transaction 只锁定目标账本内的 active 记录","duration":0.1268640000000687,"failureMessages":[],"meta":{},"tags":[]},{"ancestorTitles":["current ledger 数据边界"],"fullName":"current ledger 数据边界 普通记账 RPC 限制账户、商家和分类属于目标账本","status":"passed","title":"普通记账 RPC 限制账户、商家和分类属于目标账本","duration":0.34352100000000974,"failureMessages":[],"meta":{},"tags":[]},{"ancestorTitles":["current ledger 数据边界"],"fullName":"current ledger 数据边界 转账和类型转换 RPC 只锁定目标账本内的账户","status":"passed","title":"转账和类型转换 RPC 只锁定目标账本内的账户","duration":0.45082400000001144,"failureMessages":[],"meta":{},"tags":[]},{"ancestorTitles":["current ledger 数据边界"],"fullName":"current ledger 数据边界 非时间维度交易分组 RPC 只读取 active 成员可访问的目标账本","status":"passed","title":"非时间维度交易分组 RPC 只读取 active 成员可访问的目标账本","duration":0.48747000000003027,"failureMessages":[],"meta":{},"tags":[]},{"ancestorTitles":["current ledger 数据边界"],"fullName":"current ledger 数据边界 基础数据表 account 的写入由管理权限 trigger 兜底","status":"passed","title":"基础数据表 account 的写入由管理权限 trigger 兜底","duration":0.2240950000000339,"failureMessages":[],"meta":{},"tags":[]},{"ancestorTitles":["current ledger 数据边界"],"fullName":"current ledger 数据边界 基础数据表 category 的写入由管理权限 trigger 兜底","status":"passed","title":"基础数据表 category 的写入由管理权限 trigger 兜底","duration":0.10007500000006075,"failureMessages":[],"meta":{},"tags":[]},{"ancestorTitles":["current ledger 数据边界"],"fullName":"current ledger 数据边界 基础数据表 merchant 的写入由管理权限 trigger 兜底","status":"passed","title":"基础数据表 merchant 的写入由管理权限 trigger 兜底","duration":0.07138299999996889,"failureMessages":[],"meta":{},"tags":[]},{"ancestorTitles":["current ledger 数据边界"],"fullName":"current ledger 数据边界 交易表 transaction_record 的写入由交易权限 trigger 兜底","status":"passed","title":"交易表 transaction_record 的写入由交易权限 trigger 兜底","duration":0.12328000000002248,"failureMessages":[],"meta":{},"tags":[]},{"ancestorTitles":["current ledger 数据边界"],"fullName":"current ledger 数据边界 交易表 transaction_item 的写入由交易权限 trigger 兜底","status":"passed","title":"交易表 transaction_item 的写入由交易权限 trigger 兜底","duration":0.1893400000001293,"failureMessages":[],"meta":{},"tags":[]}],"startTime":1785864938857,"endTime":1785864938864.1895,"status":"passed","message":"","name":"/home/runner/work/kuranote/kuranote/src/internal/dbMigrations/currentLedgerBoundaryAudit.test.ts"},{"assertionResults":[{"ancestorTitles":["接受账本邀请列名歧义 migration"],"fullName":"接受账本邀请列名歧义 migration 在函数级别将歧义标识符优先解释为表列","status":"passed","title":"在函数级别将歧义标识符优先解释为表列","duration":5.712130000000116,"failureMessages":[],"meta":{},"tags":[]},{"ancestorTitles":["接受账本邀请列名歧义 migration"],"fullName":"接受账本邀请列名歧义 migration 保留部分唯一索引的冲突目标和既有 RPC 输出字段","status":"passed","title":"保留部分唯一索引的冲突目标和既有 RPC 输出字段","duration":0.44481199999995624,"failureMessages":[],"meta":{},"tags":[]},{"ancestorTitles":["接受账本邀请列名歧义 migration"],"fullName":"接受账本邀请列名歧义 migration 保留接受邀请的权限开关、token 生命周期和 current ledger 更新","status":"passed","title":"保留接受邀请的权限开关、token 生命周期和 current ledger 更新","duration":1.5255910000000767,"failureMessages":[],"meta":{},"tags":[]},{"ancestorTitles":["接受账本邀请列名歧义 migration"],"fullName":"接受账本邀请列名歧义 migration 保留安全 search_path 与 authenticated 执行权限","status":"passed","title":"保留安全 search_path 与 authenticated 执行权限","duration":0.34225999999989654,"failureMessages":[],"meta":{},"tags":[]}],"startTime":1785864958513,"endTime":1785864958521.5256,"status":"passed","message":"","name":"/home/runner/work/kuranote/kuranote/src/internal/dbMigrations/ledgerInviteAmbiguousColumnMigration.test.ts"},{"assertionResults":[{"ancestorTitles":["接受账本邀请后的 current ledger migration"],"fullName":"接受账本邀请后的 current ledger migration 不再写入应用未读取的 user_setting","status":"passed","title":"不再写入应用未读取的 user_setting","duration":2.33338300000014,"failureMessages":[],"meta":{},"tags":[]},{"ancestorTitles":["接受账本邀请后的 current ledger migration"],"fullName":"接受账本邀请后的 current ledger migration 加入成功和已是成员两条路径都汇合后更新 app_user.current_ledger_id","status":"passed","title":"加入成功和已是成员两条路径都汇合后更新 
[...]
nsaction 调用 updateTransfer","status":"passed","title":"转账保持转账类型时由 saveEditTransaction 调用 updateTransfer","duration":1.177214000000049,"failureMessages":[],"meta":{},"tags":[]},{"ancestorTitles":["Transaction Action 写入流程"],"fullName":"Transaction Action 写入流程 作废成功后刷新缓存并返回交易列表","status":"passed","title":"作废成功后刷新缓存并返回交易列表","duration":0.8888989999999239,"failureMessages":[],"meta":{},"tags":[]},{"ancestorTitles":["Transaction Action 写入流程"],"fullName":"Transaction Action 写入流程 编辑类型非法时不读取上下文也不调用 Service","status":"passed","title":"编辑类型非法时不读取上下文也不调用 Service","duration":0.6831589999999323,"failureMessages":[],"meta":{},"tags":[]}],"startTime":1785864911133,"endTime":1785864911171.683,"status":"passed","message":"","name":"/home/runner/work/kuranote/kuranote/src/internal/transaction/adapter/next/actions.test.ts"},{"assertionResults":[{"ancestorTitles":["Transaction SSR adapter"],"fullName":"Transaction SSR adapter SSR 分组读取直接调用 Service","status":"passed","title":"SSR 分组读取直接调用 Service","duration":4.261985999999979,"failureMessages":[],"meta":{},"tags":[]},{"ancestorTitles":["Transaction SSR adapter"],"fullName":"Transaction SSR adapter 两个搜索入口都用纯数字关键词直接调用 Service","status":"passed","title":"两个搜索入口都用纯数字关键词直接调用 Service","duration":1.124120000000005,"failureMessages":[],"meta":{},"tags":[]},{"ancestorTitles":["Transaction 编辑 SSR 边界"],"fullName":"Transaction 编辑 SSR 边界 交易 ID 不是 UUID 时直接 notFound","status":"passed","title":"交易 ID 不是 UUID 时直接 notFound","duration":2.0426499999999805,"failureMessages":[],"meta":{},"tags":[]},{"ancestorTitles":["Transaction 编辑 SSR 边界"],"fullName":"Transaction 编辑 SSR 边界 Service 查不到当前账本内交易时 notFound","status":"passed","title":"Service 查不到当前账本内交易时 notFound","duration":0.9908360000000016,"failureMessages":[],"meta":{},"tags":[]}],"startTime":1785864947528,"endTime":1785864947535.9907,"status":"passed","message":"","name":"/home/runner/work/kuranote/kuranote/src/internal/transaction/adapter/next/loadTransactionViews.test.ts"},{"assertionResults":[{"ancestorTitles":["revalidateTransactionMutation"],"fullName":"revalidateTransactionMutation 统一失效交易与账户相关页面","status":"passed","title":"统一失效交易与账户相关页面","duration":4.0215220000000045,"failureMessages":[],"meta":{},"tags":[]}],"startTime":1785865009062,"endTime":1785865009066.0215,"status":"passed","message":"","name":"/home/runner/work/kuranote/kuranote/src/internal/transaction/adapter/next/revalidate.test.ts"},{"assertionResults":[{"ancestorTitles":["groupLoaders"],"fullName":"groupLoaders 扫描到足够的时间分组后不再读取下一窗口","status":"passed","title":"扫描到足够的时间分组后不再读取下一窗口","duration":42.07112999999998,"failureMessages":[],"meta":{},"tags":[]},{"ancestorTitles":["groupLoaders"],"fullName":"groupLoaders 完整窗口不足时继续扫描并在短窗口后停止","status":"passed","title":"完整窗口不足时继续扫描并在短窗口后停止","duration":37.280846999999994,"failureMessages":[],"meta":{},"tags":[]},{"ancestorTitles":["groupLoaders"],"fullName":"groupLoaders 分组日期边界与筛选日期边界取交集","status":"passed","title":"分组日期边界与筛选日期边界取交集","duration":2.083272999999963,"failureMessages":[],"meta":{},"tags":[]},{"ancestorTitles":["groupLoaders"],"fullName":"groupLoaders 日期边界没有交集时直接返回空页","status":"passed","title":"日期边界没有交集时直接返回空页","duration":1.3564399999999637,"failureMessages":[],"meta":{},"tags":[]},{"ancestorTitles":["groupLoaders"],"fullName":"groupLoaders merchant 分组键与记录级筛选冲突时不扫描记录","status":"passed","title":"merchant 分组键与记录级筛选冲突时不扫描记录","duration":0.36268000000001166,"failureMessages":[],"meta":{},"tags":[]},{"ancestorTitles":["groupLoaders"],"fullName":"groupLoaders member 分组键与记录级筛选冲突时不扫描记录","status":"passed","title":"member 分组键与记录级筛选冲突时不扫描记录","duration":0.2912059999999883,"failureMessages":[],"meta":{},"tags":[]}],"startTime":1785864925280,"endTime":1785864925363.3628,"status":"passed","message":"","name":"/home/runner/work/kuranote/kuranote/src/internal/transaction/service/read/groupLoaders.test.ts"},{"assertionResults":[{"ancestorTitles":["buildFormCategoryOptions"],"fullName":"buildFormCategoryOptions 按父分类的自定义顺序展开子分类并保留组内顺序","status":"passed","title":"按父分类的自定义顺序展开子分类并保留组内顺序","duration":3.169105999999829,"failureMessages":[],"meta":{},"tags":[]},{"ancestorTitles":["buildFormCategoryOptions"],"fullName":"buildFormCategoryOptions 父分类不存在时仍保留子分类","status":"passed","title":"父分类不存在时仍保留子分类","duration":0.5430550000000949,"failureMessages":[],"meta":{},"tags":[]}],"startTime":1785864967340,"endTime":1785864967343.543,"status":"passed","message":"","name":"/home/runner/work/kuranote/kuranote/src/internal/transaction/service/read/options.test.ts"},{"assertionResults":[{"ancestorTitles":["getEditTransactionView"],"fullName":"getEditTransactionView 普通交易还原表单和编辑权限","status":"passed","title":"普通交易还原表单和编辑权限","duration":5.555443999999966,"failureMessages":[],"meta":{},"tags":[]},{"ancestorTitles":["getEditTransactionView"],"fullName":"getEditTransactionView 正确还原转账的转出、转入账户和金额","status":"passed","title":"正确还原转账的转出、转入账户和金额","duration":1.00014299999998,"failureMessages":[],"meta":{},"tags":[]},{"ancestorTitles":["getEditTransactionView"],"fullName":"getEditTransactionView 转账明细结构损坏时返回 null","status":"passed","title":"转账明细结构损坏时返回 null","duration":1.0827550000000201,"failureMessages":[],"meta":{},"tags":[]},{"ancestorTitles":["getNewTransactionView"],"fullName":"getNewTransactionView 报销候选账户缺失时使用账本基准货币","status":"passed","title":"报销候选账户缺失时使用账本基准货币","duration":0.7963020000000256,"failureMessages":[],"meta":{},"tags":[]},{"ancestorTitles":["getEditTransactionView income links"],"fullName":"getEditTransactionView income links 已报销支出 返回整体只读态","status":"passed","title":"已报销支出 返回整体只读态","duration":0.7553160000000503,"failureMessages":[],"meta":{},"tags":[]},{"ancestorTitles":["getEditTransactionView income links"],"fullName":"getEditTransactionView income links 作为报销对象 返回整体只读态","status":"passed","title":"作为报销对象 返回整体只读态","duration":0.43366200000002664,"failureMessages":[],"meta":{},"tags":[]},{"ancestorTitles":["getEditTransactionView income links"],"fullName":"getEditTransactionView income links 作为退款对象 返回整体只读态","status":"passed","title":"作为退款对象 返回整体只读态","duration":0.3654799999999909,"failureMessages":[],"meta":{},"tags":[]},{"ancestorTitles":["getEditTransactionView income links"],"fullName":"getEditTransactionView income links 报销收入允许编辑并回填已选支出","status":"passed","title":"报销收入允许编辑并回填已选支出","duration":0.7715370000000235,"failureMessages":[],"meta":{},"tags":[]},{"ancestorTitles":["getEditTransactionView income links"],"fullName":"getEditTransactionView income links 退款收入允许编辑并回填退款对象","status":"passed","title":"退款收入允许编辑并回填退款对象","duration":0.8784919999999943,"failureMessages":[],"meta":{},"tags":[]}],"startTime":1785864905122,"endTime":1785864905133.8784,"status":"passed","message":"","name":"/home/runner/work/kuranote/kuranote/src/internal/transaction/service/read/transactionFormService.test.ts"},{"assertionResults":[{"ancestorTitles":["transactionReadAccess"],"fullName":"transactionReadAccess 未登录时拒绝构造读取依赖","status":"passed","title":"未登录时拒绝构造读取依赖","duration":3.0519299999999703,"failureMessages":[],"meta":{},"tags":[]},{"ancestorTitles":["transactionReadAccess"],"fullName":"transactionReadAccess active 成员读取时用真实用户和角色补全账本","status":"passed","title":"active 成员读取时用真实用户和角色补全账本","duration":1.8043890000000147,"failureMessages":[],"meta":{},"tags":[]},{"ancestorTitles":["transactionReadAccess"],"fullName":"transactionReadAccess 非成员或归档账本读取时返回统一 404","status":"passed","title":"非成员或归档账本读取时返回统一 404","duration":0.7560910000000263,"failureMessages":[],"meta":{},"tags":[]}],"startTime":1785864983185,"endTime":1785864983190.756,"status":"passed","message":"","name":"/home/runner/work/kuranote/kuranote/src/internal/transaction/service/read/transactionReadAccess.test.ts"},{"assertionResults":[{"ancestorTitles":["filterTransactionRecords - 日期筛选校验"],"fullName":"filterTransactionRecords - 日期筛选校验 合法的日期范围按预期过滤","status":"passed","title":"合法的日期范围按预期过滤","duration":23.193371999999954,"failureMessages":[],"meta":{},"tags":[]},{"ancestorTitles":["filterTransactionRecords - 日期筛选校验"],"fullName":"filterTransactionRecords - 日期筛选校验 非法的 dateFrom 不参与原始字符串比较，按未指定处理","status":"passed","title":"非法的 dateFrom 不参与原始字符串比较，按未指定处理","duration":0.6393550000000232,"failureMessages":[],"meta":{},"tags":[]},{"ancestorTitles":["filterTransactionRecords - 日期筛选校验"],"fullName":"filterTransactionRecords - 日期筛选校验 非法的 dateTo 不参与原始字符串比较，按未指定处理","status":"passed","title":"非法的 dateTo 不参与原始字符串比较，按未指定处理","duration":0.7246059999999943,"failureMessages":[],"meta":{},"tags":[]},{"ancestorTitles":["特殊状态明细筛选"],"fullName":"特殊状态明细筛选 特殊状态筛选只匹配待报销明细","status":"passed","title":"特殊状态筛选只匹配待报销明细","duration":0.6917550000000574,"failureMessages":[],"meta":{},"tags":[]},{"ancestorTitles":["特殊状态明细筛选"],"fullName":"特殊状态明细筛选 分类与特殊状态按同一条明细执行 AND","status":"passed","title":"分类与特殊状态按同一条明细执行 AND","duration":0.6712889999998879,"failureMessages":[],"meta":{},"tags":[]}],"startTime":1785864950285,"endTime":1785864950311.6714,"status":"passed","message":"","name":"/home/runner/work/kuranote/kuranote/src/internal/transaction/util/grouping/filters.test.ts"},{"assertionResults":[{"ancestorTitles":["recordMatchesGroup"],"fullName":"recordMatchesGroup 按时间分组时比较交易时间对应的分组键","status":"passed","title":"按时间分组时比较交易时间对应的分组键","duration":16.655529,"failureMessages":[],"meta":{},"tags":[]},{"ancestorTitles":["recordMatchesGroup"],"fullName":"recordMatchesGroup 按商家分组时把空商家归入 unknown","status":"passed","title":"按商家分组时把空商家归入 unknown","duration":0.2691270000000259,"failureMessages":[],"meta":{},"tags":[]},{"ancestorTitles":["recordMatchesGroup"],"fullName":"recordMatchesGroup 按成员分组时把空创建人归入 unknown","status":"passed","title":"按成员分组时把空创建人归入 unknown","duration":0.3248140000000035,"failureMessages":[],"meta":{},"tags":[]},{"ancestorTitles":["recordMatchesGroup"],"fullName":"recordMatchesGroup 按账户分组时匹配任意一个交易明细账户","status":"passed","title":"按账户分组时匹配任意一个交易明细账户","duration":0.2459699999999998,"failureMessages":[],"meta":{},"tags":[]},{"ancestorTitles":["recordMatchesGroup"],"fullName":"recordMatchesGroup 按父分类分组时匹配子分类所属的顶层分类","status":"passed","title":"按父分类分组时匹配子分类所属的顶层分类","duration":0.47674200000000155,"failureMessages":[],"meta":{},"tags":[]},{"ancestorTitles":["recordMatchesGroup"],"fullName":"recordMatchesGroup 按分类分组时把分类缺失的明细归入 unknown","status":"passed","title":"按分类分组时把分类缺失的明细归入 unknown","duration":0.40604999999999336,"failureMessages":[],"meta":{},"tags":[]},{"ancestorTitles":["recordMatchesGroup"],"fullName":"recordMatchesGroup 按特殊状态分组时匹配明细状态和无状态组","status":"passed","title":"按特殊状态分组时匹配明细状态和无状态组","duration":0.2663549999999759,"failureMessages":[],"meta":{},"tags":[]},{"ancestorTitles":["recordMatchesGroup"],"fullName":"recordMatchesGroup 未知分组方式不会匹配记录","status":"passed","title":"未知分组方式不会匹配记录","duration":3.474275000000034,"failureMessages":[],"meta":{},"tags":[]},{"ancestorTitles":["matchesParentCategory"],"fullName":"matchesParentCategory 父分类键为空时不匹配","status":"passed","title":"父分类键为空时不匹配","duration":0.38118199999996705,"failureMessages":[],"meta":{},"tags":[]},{"ancestorTitles":["matchesParentCategory"],"fullName":"matchesParentCategory 分类缺失时可归入 unknown","status":"passed","title":"分类缺失时可归入 unknown","duration":0.2640870000000177,"failureMessages":[],"meta":{},"tags":[]}],"startTime":1785864950647,"endTime":1785864950670.381,"status":"passed","message":"","name":"/home/runner/work/kuranote/kuranote/src/internal/transaction/util/grouping/groupMatching.test.ts"},{"assertionResults":[{"ancestorTitles":["refundableExpense filter"],"fullName":"refundableExpense filter 整笔净收入时仍保留包含可退款支出明细的交易","status":"passed","title":"整笔净收入时仍保留包含可退款支出明细的交易","duration":19.99048700000003,"failureMessages":[],"meta":{},"tags":[]},{"ancestorTitles":["refundableExpense filter"],"fullName":"refundableExpense filter 退款候选只返回交易内尚未全额退款的支出明细","status":"passed","title":"退款候选只返回交易内尚未全额退款的支出明细","duration":0.388501000000133,"failureMessages":[],"meta":{},"tags":[]}],"startTime":1785864975178,"endTime":1785864975198.3884,"status":"passed","message":"","name":"/home/runner/work/kuranote/kuranote/src/internal/transaction/util/grouping/refundableExpenseFilter.test.ts"},{"assertionResults":[{"ancestorTitles":["updateCurrentLedger"],"fullName":"updateCurrentLedger 账本 ID 非法时返回当前页错误状态","status":"passed","title":"账本 ID 非法时返回当前页错误状态","duration":24.69357500000001,"failureMessages":[],"meta":{},"tags":[]},{"ancestorTitles":["updateCurrentLedger"],"fullName":"updateCurrentLedger Service 抛出应用错误时保留安全文案","status":"passed","title":"Service 抛出应用错误时保留安全文案","duration":1.8805259999999748,"failureMessages":[],"meta":{},"tags":[]},{"ancestorTitles":["updateCurrentLedger"],"fullName":"updateCurrentLedger 未知异常时记录安全日志并返回通用提示","status":"passed","title":"未知异常时记录安全日志并返回通用提示","duration":0.8473320000000513,"failureMessages":[],"meta":{},"tags":[]},{"ancestorTitles":["updateCurrentLedger"],"fullName":"updateCurrentLedger 依赖初始化失败时返回安全提示且不调用 Service","status":"passed","title":"依赖初始化失败时返回安全提示且不调用 Service","duration":0.727657000000022,"failureMessages":[],"meta":{},"tags":[]},{"ancestorTitles":["updateCurrentLedger"],"fullName":"updateCurrentLedger 登录跳转保持原有 Next.js 控制流","status":"passed","title":"登录跳转保持原有 Next.js 控制流","duration":1.7982769999999846,"failureMessages":[],"meta":{},"tags":[]},{"ancestorTitles":["updateCurrentLedger"],"fullName":"updateCurrentLedger 更新成功后刷新依赖当前账本的页面并返回成功状态","status":"passed","title":"更新成功后刷新依赖当前账本的页面并返回成功状态","duration":1.3549730000000295,"failureMessages":[],"meta":{},"tags":[]}],"startTime":1785864935847,"endTime":1785864935878.355,"status":"passed","message":"","name":"/home/runner/work/kuranote/kuranote/src/internal/ledger/adapter/next/actions/currentLedger.test.ts"},{"assertionResults":[{"ancestorTitles":["createLedger"],"fullName":"createLedger 未创建过账本的登录用户也可以提交创建表单","status":"passed","title":"未创建过账本的登录用户也可以提交创建表单","duration":19.68677200000002,"failureMessages":[],"meta":{},"tags":[]},{"ancestorTitles":["createLedger"],"fullName":"createLedger 表单校验失败时返回可直接展示的错误状态","status":"passed","title":"表单校验失败时返回可直接展示的错误状态","duration":1.1154480000000149,"failureMessages":[],"meta":{},"tags":[]},{"ancestorTitles":["createLedger"],"fullName":"createLedger 创建服务返回应用异常时保留对应安全文案","status":"passed","title":"创建服务返回应用异常时保留对应安全文案","duration":1.0227969999999686,"failureMessages":[],"meta":{},"tags":[]},{"ancestorTitles":["createLedger"],"fullName":"createLedger 未知异常时记录安全日志并返回通用提示","status":"passed","title":"未知异常时记录安全日志并返回通用提示","duration":1.4064769999999953,"failureMessages":[],"meta":{},"tags":[]},{"ancestorTitles":["createLedger"],"fullName":"createLedger 依赖初始化失败时返回安全提示且不调用 Service","status":"passed","title":"依赖初始化失败时返回安全提示且不调用 Service","duration":0.9358419999999796,"failureMessages":[],"meta":{},"tags":[]},{"ancestorTitles":["createLedger"],"fullName":"createLedger 登录跳转保持原有 Next.js 控制流","status":"passed","title":"登录跳转保持原有 Next.js 控制流","duration":0.6730210000000056,"failureMessages":[],"meta":{},"tags":[]},{"ancestorTitles":["createLedger"],"fullName":"createLedger 创建成功后刷新全部 current ledger 页面并跳转首页","status":"passed","title":"创建成功后刷新全部 current ledger 页面并跳转首页","duration":0.8822499999999991,"failureMessages":[],"meta":{},"tags":[]}],"startTime":1785864933775,"endTime":1785864933800.8823,"status":"passed","message":"","name":"/home/runner/work/kuranote/kuranote/src/internal/ledger/adapter/next/actions/ledgerCreate.test.ts"},{"assertionResults":[{"ancestorTitles":["createLedgerInvite"],"fullName":"createLedgerInvite ledgerId 为空时在当前页返回创建失败状态","status":"passed","title":"ledgerId 为空时在当前页返回创建失败状态","duration":21.73884700000002,"failureMessages":[],"meta":{},"tags":[]},{"ancestorTitles":["createLedgerInvite"],"fullName":"createLedgerInvite 创建 Service 返回 AppError 时直接使用安全消息","status":"passed","title":"创建 Service 返回 AppError 时直接使用安全消息","duration":1.0914869999999723,"failureMessages":[],"meta":{},"tags":[]},{"ancestorTitles":["createLedgerInvite"],"fullName":"createLedgerInvite 创建成功时通过 fragment 回传邀请信息且 URL 不含错误参数","status":"passed","title":"创建成功时通过 fragment 回传邀请信息且 URL 不含错误参数","duration":2.467677999999978,"failureMessages":[],"meta":{},"tags":[]},{"ancestorTitles":["createLedgerInvite"],"fullName":"createLedgerInvite 创建 RPC 返回畸形 token 时在当前页返回创建失败状态","status":"passed","title":"创建 RPC 返回畸形 token 时在当前页返回创建失败状态","duration":0.6066410000000246,"failureMessages":[],"meta":{},"tags":[]},{"ancestorTitles":["createLedgerInvite"],"fullName":"createLedgerInvite 拒绝非法邀请角色 owner","status":"passed","title":"拒绝非法邀请角色 owner","duration":0.39731499999999187,"failureMessages":[],"meta":{},"tags":[]},{"ancestorTitles":["createLedgerInvite"],"fullName":"createLedgerInvite 拒绝非法邀请角色 unknown","status":"passed","title":"拒绝非法邀请角色 unknown","duration":0.2505160000000046,"failureMessages":[],"meta":{},"tags":[]},{"ancestorTitles":["createLedgerInvite"],"fullName":"createLedgerInvite 拒绝已废弃的替换操作","status":"passed","title":"拒绝已废弃的替换操作","duration":0.3754079999999931,"failureMessages":[],"meta":{},"tags":[]},{"ancestorTitles":["createLedgerInvite"],"fullName":"createLedgerInvite 撤销缺少 inviteId 时在当前页返回撤销失败状态","status":"passed","title":"撤销缺少 inviteId 时在当前页返回撤销失败状态","duration":0.27843500000000176,"failureMessages":[],"meta":{},"tags":[]},{"ancestorTitles":["createLedgerInvite"],"fullName":"createLedgerInvite 撤销 Service 返回 AppError 时直接使用安全消息","status":"passed","title":"撤销 Service 返回 AppError 时直接使用安全消息","duration":0.6646440000000098,"failureMessages":[],"meta":{},"tags":[]},{"ancestorTitles":["createLedgerInvite"],"fullName":"createLedgerInvite 撤销成功后只携带成功参数返回设置页","status":"passed","title":"撤销成功后只携带成功参数返回设置页","duration":0.6707410000000209,"failureMessages":[],"meta":{},"tags":[]},{"ancestorTitles":["createLedgerInvite"],"fullName":"createLedgerInvite 非 AppError 返回安全提示并记录服务端日志","status":"passed","title":"非 AppError 返回安全提示并记录服务端日志","duration":0.927660000000003,"failureMessages":[],"meta":{},"tags":[]},{"ancestorTitles":["createLedgerInvite"],"fullName":"createLedgerInvite 依赖初始化失败时返回安全提示且不调用 Service","status":"passed","title":"依赖初始化失败时返回安全提示且不调用 Service","duration":0.6566559999999981,"failureMessages":[],"meta":{},"tags":[]}],"startTime":1785864911599,"endTime":1785864911629.6567,"status":"passed","message":"","name":"/home/runner/work/kuranote/kuranote/src/internal/ledger/adapter/next/actions/ledgerInvite.test.ts"},{"assertionResults":[{"ancestorTitles":["updateLedgerSettings"],"fullName":"updateLedgerSettings 表单校验失败时返回可直接展示的错误状态","status":"passed","title":"表单校验失败时返回可直接展示的错误状态","duration":50.21584900000005,"failureMessages":[],"meta":{},"tags":[]},{"ancestorTitles":["updateLedgerSettings"],"fullName":"updateLedgerSettings 非法账本 ID 时返回当前页错误状态","status":"passed","title":"非法账本 ID 时返回当前页错误状态","duration":0.7143700000000308,"failureMessages":[],"meta":{},"tags":[]},{"ancestorTitles":["updateLedgerSettings"],"fullName":"updateLedgerSettings Service 抛出应用错误时保留安全文案","status":"passed","title":"Service 抛出应用错误时保留安全文案","duration":4.209975999999983,"failureMessages":[],"meta":{},"tags":[]},{"ancestorTitles":["updateLedgerSettings"],"fullName":"updateLedgerSettings 未知异常时记录安全日志并返回通用提示","status":"passed","title":"未知异常时记录安全日志并返回通用提示","duration":2.199967000000015,"failureMessages":[],"meta":{},"tags":[]},{"ancestorTitles":["updateLedgerSettings"],"fullName":"updateLedgerSettings 依赖初始化失败时返回安全提示且不调用 Service","status":"passed","title":"依赖初始化失败时返回安全提示且不调用 Service","duration":4.011054999999942,"failureMessages":[],"meta":{},"tags":[]},{"ancestorTitles":["updateLedgerSettings"],"fullName":"updateLedgerSettings 登录跳转保持原有 Next.js 控制流","status":"passed","title":"登录跳转保持原有 Next.js 控制流","duration":1.7926220000000512,"failureMessages":[],"meta":{},"tags":[]},{"ancestorTitles":["updateLedgerSettings"],"fullName":"updateLedgerSettings 保存成功后刷新相关页面并返回成功状态","status":"passed","title":"保存成功后刷新相关页面并返回成功状态","duration":3.905165000000011,"failureMessages":[],"meta":{},"tags":[]},{"ancestorTitles":["updateLedgerSettings"],"fullName":"updateLedgerSettings 成员设置表单保存时传递成员信息","status":"passed","title":"成员设置表单保存时传递成员信息","duration":1.1676299999999173,"failureMessages":[],"meta":{},"tags":[]}],"startTime":1785864918937,"endTime":1785864919005.1677,"status":"passed","message":"","name":"/home/runner/work/kuranote/kuranote/src/internal/ledger/adapter/next/actions/ledgerSettings.test.ts"}]}